2020-10-16 12:13:34,609 Checking Berlingske front page...
2020-10-16 12:13:47,345 Berlingske front page checked on 2020-10-16 12:13:47.345665. 3 new articles found.
2020-10-16 12:13:47,345 Checking Politiken front page...
2020-10-16 12:14:06,683 Politiken front page checked on 2020-10-16 12:14:06.683036. 3 new articles found.
2020-10-16 12:14:06,685 Checking DR front page...
2020-10-16 12:14:21,499 DR front page checked on 2020-10-16 12:14:21.499631. 3 new articles found.
2020-10-16 12:14:21,499 Checking TV2 front page...
2020-10-16 12:15:08,333 TV2 front page checked on 2020-10-16 12:15:08.333347. 9 new articles found.
2020-10-16 13:01:42,768 Checking Berlingske front page...
2020-10-16 13:01:44,434 Berlingske front page checked on 2020-10-16 13:01:44.434864. 0 new articles found.
2020-10-16 13:01:44,435 Checking Politiken front page...
2020-10-16 13:01:45,232 Politiken front page checked on 2020-10-16 13:01:45.232086. 0 new articles found.
2020-10-16 13:01:45,232 Checking DR front page...
2020-10-16 13:01:45,574 DR front page checked on 2020-10-16 13:01:45.574585. 0 new articles found.
2020-10-16 13:01:45,574 Checking TV2 front page...
2020-10-16 13:01:56,071 TV2 front page checked on 2020-10-16 13:01:56.071937. 2 new articles found.
2020-10-16 13:57:11,554 Checking Berlingske front page...
2020-10-16 13:57:19,034 Berlingske front page checked on 2020-10-16 13:57:19.034840. 1 new articles found.
2020-10-16 13:57:19,035 Checking Politiken front page...
2020-10-16 13:57:24,463 Politiken front page checked on 2020-10-16 13:57:24.462992. 1 new articles found.
2020-10-16 13:57:24,465 Checking DR front page...
2020-10-16 13:57:24,748 DR front page checked on 2020-10-16 13:57:24.748058. 0 new articles found.
2020-10-16 13:57:24,748 Checking TV2 front page...
2020-10-16 13:57:34,626 TV2 front page checked on 2020-10-16 13:57:34.626690. 2 new articles found.
2020-10-16 14:50:34,040 Checking Berlingske front page...
2020-10-16 14:50:34,477 Berlingske front page checked on 2020-10-16 14:50:34.477367. 0 new articles found.
2020-10-16 14:50:34,477 Checking Politiken front page...
2020-10-16 14:50:35,358 Politiken front page checked on 2020-10-16 14:50:35.358736. 0 new articles found.
2020-10-16 14:50:35,358 Checking DR front page...
2020-10-16 14:50:36,707 DR front page checked on 2020-10-16 14:50:36.707763. 0 new articles found.
2020-10-16 14:50:36,708 Checking TV2 front page...
2020-10-16 14:51:03,234 TV2 front page checked on 2020-10-16 14:51:03.234380. 5 new articles found.
2020-10-16 15:38:46,742 Checking Berlingske front page...
2020-10-16 15:38:51,558 Berlingske front page checked on 2020-10-16 15:38:51.558401. 1 new articles found.
2020-10-16 15:38:51,558 Checking Politiken front page...
2020-10-16 15:38:52,328 Politiken front page checked on 2020-10-16 15:38:52.328952. 0 new articles found.
2020-10-16 15:38:52,329 Checking DR front page...
2020-10-16 15:38:52,808 DR front page checked on 2020-10-16 15:38:52.808754. 0 new articles found.
2020-10-16 15:38:52,808 Checking TV2 front page...
2020-10-16 15:39:12,535 TV2 front page checked on 2020-10-16 15:39:12.535824. 4 new articles found.
2020-10-16 16:33:19,985 Checking Berlingske front page...
2020-10-16 16:33:30,149 Berlingske front page checked on 2020-10-16 16:33:30.149900. 2 new articles found.
2020-10-16 16:33:30,150 Checking Politiken front page...
2020-10-16 16:33:36,347 Politiken front page checked on 2020-10-16 16:33:36.347221. 1 new articles found.
2020-10-16 16:33:36,349 Checking DR front page...
2020-10-16 16:33:36,604 DR front page checked on 2020-10-16 16:33:36.604297. 0 new articles found.
2020-10-16 16:33:36,604 Checking TV2 front page...
2020-10-16 16:33:51,967 TV2 front page checked on 2020-10-16 16:33:51.967867. 3 new articles found.
2020-10-16 17:20:20,341 Checking Berlingske front page...
2020-10-16 17:20:20,799 Berlingske front page checked on 2020-10-16 17:20:20.799816. 0 new articles found.
2020-10-16 17:20:20,800 Checking Politiken front page...
2020-10-16 17:20:21,617 Politiken front page checked on 2020-10-16 17:20:21.617883. 0 new articles found.
2020-10-16 17:20:21,618 Checking DR front page...
2020-10-16 17:20:21,940 DR front page checked on 2020-10-16 17:20:21.940366. 0 new articles found.
2020-10-16 17:20:21,940 Checking TV2 front page...
2020-10-16 17:20:44,840 TV2 front page checked on 2020-10-16 17:20:44.840026. 4 new articles found.
2020-10-16 18:08:35,368 Checking Berlingske front page...
2020-10-16 18:08:36,945 Berlingske front page checked on 2020-10-16 18:08:36.945552. 0 new articles found.
2020-10-16 18:08:36,945 Checking Politiken front page...
2020-10-16 18:08:37,755 Politiken front page checked on 2020-10-16 18:08:37.755380. 0 new articles found.
2020-10-16 18:08:37,755 Checking DR front page...
2020-10-16 18:08:38,031 DR front page checked on 2020-10-16 18:08:38.031573. 0 new articles found.
2020-10-16 18:08:38,031 Checking TV2 front page...
2020-10-16 18:09:02,228 TV2 front page checked on 2020-10-16 18:09:02.228613. 5 new articles found.
2020-10-16 18:54:10,676 Checking Berlingske front page...
2020-10-16 18:54:12,407 Berlingske front page checked on 2020-10-16 18:54:12.407230. 0 new articles found.
2020-10-16 18:54:12,407 Checking Politiken front page...
2020-10-16 18:54:20,963 Politiken front page checked on 2020-10-16 18:54:20.963090. 1 new articles found.
2020-10-16 18:54:20,965 Checking DR front page...
2020-10-16 18:54:27,863 DR front page checked on 2020-10-16 18:54:27.863417. 1 new articles found.
2020-10-16 18:54:27,863 Checking TV2 front page...
2020-10-16 18:54:31,992 TV2 front page checked on 2020-10-16 18:54:31.992439. 1 new articles found.
2020-10-16 19:47:44,416 Checking Berlingske front page...
2020-10-16 19:47:50,555 Berlingske front page checked on 2020-10-16 19:47:50.555507. 1 new articles found.
2020-10-16 19:47:50,556 Checking Politiken front page...
2020-10-16 19:47:51,291 Politiken front page checked on 2020-10-16 19:47:51.291745. 0 new articles found.
2020-10-16 19:47:51,291 Checking DR front page...
2020-10-16 19:47:51,523 DR front page checked on 2020-10-16 19:47:51.523597. 0 new articles found.
2020-10-16 19:47:51,523 Checking TV2 front page...
2020-10-16 19:48:09,253 TV2 front page checked on 2020-10-16 19:48:09.253197. 3 new articles found.
2020-10-16 20:48:23,897 Checking Berlingske front page...
2020-10-16 20:48:33,075 Berlingske front page checked on 2020-10-16 20:48:33.075375. 2 new articles found.
2020-10-16 20:48:33,075 Checking Politiken front page...
2020-10-16 20:48:33,932 Politiken front page checked on 2020-10-16 20:48:33.932505. 0 new articles found.
2020-10-16 20:48:33,932 Checking DR front page...
2020-10-16 20:48:34,197 DR front page checked on 2020-10-16 20:48:34.197139. 0 new articles found.
2020-10-16 20:48:34,197 Checking TV2 front page...
2020-10-16 20:48:45,981 TV2 front page checked on 2020-10-16 20:48:45.981864. 2 new articles found.
2020-10-16 21:37:56,428 Checking Berlingske front page...
2020-10-16 21:38:03,524 Berlingske front page checked on 2020-10-16 21:38:03.524048. 1 new articles found.
2020-10-16 21:38:03,524 Checking Politiken front page...
2020-10-16 21:38:04,431 Politiken front page checked on 2020-10-16 21:38:04.431257. 0 new articles found.
2020-10-16 21:38:04,431 Checking DR front page...
2020-10-16 21:38:04,652 DR front page checked on 2020-10-16 21:38:04.652902. 0 new articles found.
2020-10-16 21:38:04,653 Checking TV2 front page...
2020-10-16 21:38:20,534 TV2 front page checked on 2020-10-16 21:38:20.533889. 3 new articles found.
2020-10-16 22:28:30,893 Checking Berlingske front page...
2020-10-16 22:28:39,478 Berlingske front page checked on 2020-10-16 22:28:39.478821. 1 new articles found.
2020-10-16 22:28:39,479 Checking Politiken front page...
2020-10-16 22:28:44,795 Politiken front page checked on 2020-10-16 22:28:44.794982. 1 new articles found.
2020-10-16 22:28:44,797 Checking DR front page...
2020-10-16 22:28:45,104 DR front page checked on 2020-10-16 22:28:45.104514. 0 new articles found.
2020-10-16 22:28:45,104 Checking TV2 front page...
2020-10-16 22:28:49,934 TV2 front page checked on 2020-10-16 22:28:49.934493. 1 new articles found.
2020-10-16 23:15:26,309 Checking Berlingske front page...
2020-10-16 23:15:27,979 Berlingske front page checked on 2020-10-16 23:15:27.978984. 0 new articles found.
2020-10-16 23:15:27,979 Checking Politiken front page...
2020-10-16 23:15:28,742 Politiken front page checked on 2020-10-16 23:15:28.742673. 0 new articles found.
2020-10-16 23:15:28,742 Checking DR front page...
2020-10-16 23:15:29,710 DR front page checked on 2020-10-16 23:15:29.710068. 0 new articles found.
2020-10-16 23:15:29,710 Checking TV2 front page...
2020-10-16 23:15:41,324 TV2 front page checked on 2020-10-16 23:15:41.323999. 2 new articles found.
2020-10-16 23:56:51,774 Checking Berlingske front page...
2020-10-16 23:56:52,192 Berlingske front page checked on 2020-10-16 23:56:52.192281. 0 new articles found.
2020-10-16 23:56:52,192 Checking Politiken front page...
2020-10-16 23:56:58,139 Politiken front page checked on 2020-10-16 23:56:58.139189. 1 new articles found.
2020-10-16 23:56:58,141 Checking DR front page...
2020-10-16 23:56:58,423 DR front page checked on 2020-10-16 23:56:58.423393. 0 new articles found.
2020-10-16 23:56:58,423 Checking TV2 front page...
2020-10-16 23:56:58,953 TV2 front page checked on 2020-10-16 23:56:58.953222. 0 new articles found.
2020-10-17 00:43:44,353 Checking Berlingske front page...
2020-10-17 00:43:44,815 Berlingske front page checked on 2020-10-17 00:43:44.815190. 0 new articles found.
2020-10-17 00:43:44,815 Checking Politiken front page...
2020-10-17 00:43:45,584 Politiken front page checked on 2020-10-17 00:43:45.584822. 0 new articles found.
2020-10-17 00:43:45,585 Checking DR front page...
2020-10-17 00:43:45,793 DR front page checked on 2020-10-17 00:43:45.793593. 0 new articles found.
2020-10-17 00:43:45,793 Checking TV2 front page...
2020-10-17 00:43:57,457 TV2 front page checked on 2020-10-17 00:43:57.457717. 2 new articles found.
2020-10-17 01:34:20,925 Checking Berlingske front page...
2020-10-17 01:34:21,344 Berlingske front page checked on 2020-10-17 01:34:21.344263. 0 new articles found.
2020-10-17 01:34:21,344 Checking Politiken front page...
2020-10-17 01:34:22,251 Politiken front page checked on 2020-10-17 01:34:22.251892. 0 new articles found.
2020-10-17 01:34:22,252 Checking DR front page...
2020-10-17 01:34:23,310 DR front page checked on 2020-10-17 01:34:23.310782. 0 new articles found.
2020-10-17 01:34:23,311 Checking TV2 front page...
2020-10-17 01:34:23,833 TV2 front page checked on 2020-10-17 01:34:23.833804. 0 new articles found.
2020-10-17 02:22:13,312 Checking Berlingske front page...
2020-10-17 02:22:13,821 Berlingske front page checked on 2020-10-17 02:22:13.821070. 0 new articles found.
2020-10-17 02:22:13,821 Checking Politiken front page...
2020-10-17 02:22:14,623 Politiken front page checked on 2020-10-17 02:22:14.623862. 0 new articles found.
2020-10-17 02:22:14,624 Checking DR front page...
2020-10-17 02:22:14,893 DR front page checked on 2020-10-17 02:22:14.893462. 0 new articles found.
2020-10-17 02:22:14,893 Checking TV2 front page...
2020-10-17 02:22:15,401 TV2 front page checked on 2020-10-17 02:22:15.401484. 0 new articles found.
2020-10-17 03:07:06,747 Checking Berlingske front page...
2020-10-17 03:07:07,309 Berlingske front page checked on 2020-10-17 03:07:07.309390. 0 new articles found.
2020-10-17 03:07:07,309 Checking Politiken front page...
2020-10-17 03:07:08,061 Politiken front page checked on 2020-10-17 03:07:08.061848. 0 new articles found.
2020-10-17 03:07:08,062 Checking DR front page...
2020-10-17 03:07:08,367 DR front page checked on 2020-10-17 03:07:08.367820. 0 new articles found.
2020-10-17 03:07:08,368 Checking TV2 front page...
2020-10-17 03:07:08,832 TV2 front page checked on 2020-10-17 03:07:08.832467. 0 new articles found.
2020-10-17 04:04:32,209 Checking Berlingske front page...
2020-10-17 04:04:32,620 Berlingske front page checked on 2020-10-17 04:04:32.620679. 0 new articles found.
2020-10-17 04:04:32,620 Checking Politiken front page...
2020-10-17 04:04:33,471 Politiken front page checked on 2020-10-17 04:04:33.471631. 0 new articles found.
2020-10-17 04:04:33,471 Checking DR front page...
2020-10-17 04:04:33,747 DR front page checked on 2020-10-17 04:04:33.747890. 0 new articles found.
2020-10-17 04:04:33,748 Checking TV2 front page...
2020-10-17 04:04:34,194 TV2 front page checked on 2020-10-17 04:04:34.194362. 0 new articles found.
2020-10-17 05:02:26,721 Checking Berlingske front page...
2020-10-17 05:02:27,098 Berlingske front page checked on 2020-10-17 05:02:27.098002. 0 new articles found.
2020-10-17 05:02:27,098 Checking Politiken front page...
2020-10-17 05:02:27,926 Politiken front page checked on 2020-10-17 05:02:27.926253. 0 new articles found.
2020-10-17 05:02:27,926 Checking DR front page...
2020-10-17 05:02:29,506 DR front page checked on 2020-10-17 05:02:29.506308. 0 new articles found.
2020-10-17 05:02:29,506 Checking TV2 front page...
2020-10-17 05:02:29,887 TV2 front page checked on 2020-10-17 05:02:29.887929. 0 new articles found.
2020-10-17 06:00:55,336 Checking Berlingske front page...
2020-10-17 06:00:55,713 Berlingske front page checked on 2020-10-17 06:00:55.712989. 0 new articles found.
2020-10-17 06:00:55,713 Checking Politiken front page...
2020-10-17 06:00:56,735 Politiken front page checked on 2020-10-17 06:00:56.735072. 0 new articles found.
2020-10-17 06:00:56,735 Checking DR front page...
2020-10-17 06:00:57,009 DR front page checked on 2020-10-17 06:00:57.009074. 0 new articles found.
2020-10-17 06:00:57,009 Checking TV2 front page...
2020-10-17 06:01:15,338 TV2 front page checked on 2020-10-17 06:01:15.338429. 3 new articles found.
2020-10-17 06:54:55,725 Checking Berlingske front page...
2020-10-17 06:54:56,163 Berlingske front page checked on 2020-10-17 06:54:56.163101. 0 new articles found.
2020-10-17 06:54:56,163 Checking Politiken front page...
2020-10-17 06:54:56,987 Politiken front page checked on 2020-10-17 06:54:56.987200. 0 new articles found.
2020-10-17 06:54:56,987 Checking DR front page...
2020-10-17 06:55:03,152 DR front page checked on 2020-10-17 06:55:03.152735. 1 new articles found.
2020-10-17 06:55:03,153 Checking TV2 front page...
2020-10-17 06:55:24,987 TV2 front page checked on 2020-10-17 06:55:24.987585. 4 new articles found.
2020-10-17 07:46:12,419 Checking Berlingske front page...
2020-10-17 07:46:17,938 Berlingske front page checked on 2020-10-17 07:46:17.938592. 1 new articles found.
2020-10-17 07:46:17,941 Checking Politiken front page...
2020-10-17 07:46:18,839 Politiken front page checked on 2020-10-17 07:46:18.839125. 0 new articles found.
2020-10-17 07:46:18,839 Checking DR front page...
2020-10-17 07:46:19,083 DR front page checked on 2020-10-17 07:46:19.083334. 0 new articles found.
2020-10-17 07:46:19,083 Checking TV2 front page...
2020-10-17 07:46:37,104 TV2 front page checked on 2020-10-17 07:46:37.104054. 3 new articles found.
2020-10-17 08:47:09,487 Checking Berlingske front page...
2020-10-17 08:47:11,339 Berlingske front page checked on 2020-10-17 08:47:11.339223. 0 new articles found.
2020-10-17 08:47:11,339 Checking Politiken front page...
2020-10-17 08:47:12,156 Politiken front page checked on 2020-10-17 08:47:12.156040. 0 new articles found.
2020-10-17 08:47:12,156 Checking DR front page...
2020-10-17 08:47:13,173 DR front page checked on 2020-10-17 08:47:13.173335. 0 new articles found.
2020-10-17 08:47:13,173 Checking TV2 front page...
2020-10-17 08:47:26,509 TV2 front page checked on 2020-10-17 08:47:26.509954. 3 new articles found.
2020-10-17 09:29:07,001 Checking Berlingske front page...
2020-10-17 09:29:07,406 Berlingske front page checked on 2020-10-17 09:29:07.406904. 0 new articles found.
2020-10-17 09:29:07,407 Checking Politiken front page...
2020-10-17 09:29:08,200 Politiken front page checked on 2020-10-17 09:29:08.200810. 0 new articles found.
2020-10-17 09:29:08,201 Checking DR front page...
2020-10-17 09:29:08,568 DR front page checked on 2020-10-17 09:29:08.568644. 0 new articles found.
2020-10-17 09:29:08,568 Checking TV2 front page...
2020-10-17 09:29:16,997 TV2 front page checked on 2020-10-17 09:29:16.997209. 2 new articles found.
2020-10-17 10:17:33,337 Checking Berlingske front page...
2020-10-17 10:17:37,807 Berlingske front page checked on 2020-10-17 10:17:37.807184. 1 new articles found.
2020-10-17 10:17:37,809 Checking Politiken front page...
2020-10-17 10:17:38,725 Politiken front page checked on 2020-10-17 10:17:38.725749. 0 new articles found.
2020-10-17 10:17:38,726 Checking DR front page...
2020-10-17 10:17:38,952 DR front page checked on 2020-10-17 10:17:38.952692. 0 new articles found.
2020-10-17 10:17:38,952 Checking TV2 front page...
2020-10-17 10:17:45,985 TV2 front page checked on 2020-10-17 10:17:45.985740. 1 new articles found.
2020-10-17 11:11:00,370 Checking Berlingske front page...
2020-10-17 11:11:11,674 Berlingske front page checked on 2020-10-17 11:11:11.674315. 2 new articles found.
2020-10-17 11:11:11,677 Checking Politiken front page...
2020-10-17 11:11:12,575 Politiken front page checked on 2020-10-17 11:11:12.574991. 0 new articles found.
2020-10-17 11:11:12,575 Checking DR front page...
2020-10-17 11:11:12,824 DR front page checked on 2020-10-17 11:11:12.824814. 0 new articles found.
2020-10-17 11:11:12,825 Checking TV2 front page...
2020-10-17 11:11:23,348 TV2 front page checked on 2020-10-17 11:11:23.348118. 2 new articles found.
2020-10-17 11:54:06,733 Checking Berlingske front page...
2020-10-17 11:54:07,183 Berlingske front page checked on 2020-10-17 11:54:07.183436. 0 new articles found.
2020-10-17 11:54:07,183 Checking Politiken front page...
2020-10-17 11:54:08,067 Politiken front page checked on 2020-10-17 11:54:08.067504. 0 new articles found.
2020-10-17 11:54:08,067 Checking DR front page...
2020-10-17 11:54:08,363 DR front page checked on 2020-10-17 11:54:08.363449. 0 new articles found.
2020-10-17 11:54:08,363 Checking TV2 front page...
2020-10-17 11:54:14,219 TV2 front page checked on 2020-10-17 11:54:14.219298. 1 new articles found.
2020-10-17 12:36:32,658 Checking Berlingske front page...
2020-10-17 12:36:39,612 Berlingske front page checked on 2020-10-17 12:36:39.612013. 1 new articles found.
2020-10-17 12:36:39,615 Checking Politiken front page...
2020-10-17 12:36:40,441 Politiken front page checked on 2020-10-17 12:36:40.441226. 0 new articles found.
2020-10-17 12:36:40,441 Checking DR front page...
2020-10-17 12:36:40,648 DR front page checked on 2020-10-17 12:36:40.648489. 0 new articles found.
2020-10-17 12:36:40,648 Checking TV2 front page...
2020-10-17 12:36:51,383 TV2 front page checked on 2020-10-17 12:36:51.382895. 2 new articles found.
2020-10-17 13:22:48,743 Checking Berlingske front page...
2020-10-17 13:22:55,323 Berlingske front page checked on 2020-10-17 13:22:55.323668. 1 new articles found.
2020-10-17 13:22:55,326 Checking Politiken front page...
2020-10-17 13:22:56,205 Politiken front page checked on 2020-10-17 13:22:56.205820. 0 new articles found.
2020-10-17 13:22:56,206 Checking DR front page...
2020-10-17 13:22:56,413 DR front page checked on 2020-10-17 13:22:56.413415. 0 new articles found.
2020-10-17 13:22:56,413 Checking TV2 front page...
2020-10-17 13:23:07,293 TV2 front page checked on 2020-10-17 13:23:07.293273. 2 new articles found.
2020-10-17 14:24:58,736 Checking Berlingske front page...
2020-10-17 14:25:22,825 Berlingske front page checked on 2020-10-17 14:25:22.825699. 4 new articles found.
2020-10-17 14:25:22,828 Checking Politiken front page...
2020-10-17 14:25:23,705 Politiken front page checked on 2020-10-17 14:25:23.705356. 0 new articles found.
2020-10-17 14:25:23,705 Checking DR front page...
2020-10-17 14:25:23,962 DR front page checked on 2020-10-17 14:25:23.962736. 0 new articles found.
2020-10-17 14:25:23,962 Checking TV2 front page...
2020-10-17 14:25:56,376 TV2 front page checked on 2020-10-17 14:25:56.375982. 7 new articles found.
2020-10-17 15:26:46,760 Checking Berlingske front page...
2020-10-17 15:26:53,072 Berlingske front page checked on 2020-10-17 15:26:53.072475. 1 new articles found.
2020-10-17 15:26:53,075 Checking Politiken front page...
2020-10-17 15:27:04,371 Politiken front page checked on 2020-10-17 15:27:04.371606. 2 new articles found.
2020-10-17 15:27:04,377 Checking DR front page...
2020-10-17 15:27:04,673 DR front page checked on 2020-10-17 15:27:04.673836. 0 new articles found.
2020-10-17 15:27:04,674 Checking TV2 front page...
2020-10-17 15:27:25,864 TV2 front page checked on 2020-10-17 15:27:25.864183. 4 new articles found.
2020-10-17 16:21:25,274 Checking Berlingske front page...
2020-10-17 16:21:32,384 Berlingske front page checked on 2020-10-17 16:21:32.384517. 1 new articles found.
2020-10-17 16:21:32,387 Checking Politiken front page...
2020-10-17 16:21:33,239 Politiken front page checked on 2020-10-17 16:21:33.238980. 0 new articles found.
2020-10-17 16:21:33,239 Checking DR front page...
2020-10-17 16:21:33,607 DR front page checked on 2020-10-17 16:21:33.607738. 0 new articles found.
2020-10-17 16:21:33,607 Checking TV2 front page...
2020-10-17 16:21:51,794 TV2 front page checked on 2020-10-17 16:21:51.794337. 4 new articles found.
2020-10-17 17:08:47,177 Checking Berlingske front page...
2020-10-17 17:08:52,648 Berlingske front page checked on 2020-10-17 17:08:52.648080. 1 new articles found.
2020-10-17 17:08:52,650 Checking Politiken front page...
2020-10-17 17:09:13,671 Politiken front page checked on 2020-10-17 17:09:13.671888. 3 new articles found.
2020-10-17 17:09:13,676 Checking DR front page...
2020-10-17 17:09:25,955 DR front page checked on 2020-10-17 17:09:25.955869. 2 new articles found.
2020-10-17 17:09:25,956 Checking TV2 front page...
2020-10-17 17:09:38,800 TV2 front page checked on 2020-10-17 17:09:38.800329. 2 new articles found.
2020-10-17 18:08:49,314 Checking Berlingske front page...
2020-10-17 18:08:49,806 Berlingske front page checked on 2020-10-17 18:08:49.806019. 0 new articles found.
2020-10-17 18:08:49,806 Checking Politiken front page...
2020-10-17 18:09:03,102 Politiken front page checked on 2020-10-17 18:09:03.102613. 2 new articles found.
2020-10-17 18:09:03,107 Checking DR front page...
2020-10-17 18:09:03,416 DR front page checked on 2020-10-17 18:09:03.416659. 0 new articles found.
2020-10-17 18:09:03,416 Checking TV2 front page...
2020-10-17 18:09:15,596 TV2 front page checked on 2020-10-17 18:09:15.596914. 2 new articles found.
2020-10-17 18:59:28,995 Checking Berlingske front page...
2020-10-17 18:59:29,493 Berlingske front page checked on 2020-10-17 18:59:29.493393. 0 new articles found.
2020-10-17 18:59:29,493 Checking Politiken front page...
2020-10-17 18:59:30,416 Politiken front page checked on 2020-10-17 18:59:30.416682. 0 new articles found.
2020-10-17 18:59:30,416 Checking DR front page...
2020-10-17 18:59:30,710 DR front page checked on 2020-10-17 18:59:30.710516. 0 new articles found.
2020-10-17 18:59:30,710 Checking TV2 front page...
2020-10-17 18:59:47,408 TV2 front page checked on 2020-10-17 18:59:47.408197. 3 new articles found.
2020-10-17 19:52:54,856 Checking Berlingske front page...
2020-10-17 19:52:55,304 Berlingske front page checked on 2020-10-17 19:52:55.303999. 0 new articles found.
2020-10-17 19:52:55,304 Checking Politiken front page...
2020-10-17 19:52:56,318 Politiken front page checked on 2020-10-17 19:52:56.318369. 0 new articles found.
2020-10-17 19:52:56,318 Checking DR front page...
2020-10-17 19:52:56,720 DR front page checked on 2020-10-17 19:52:56.720612. 0 new articles found.
2020-10-17 19:52:56,720 Checking TV2 front page...
2020-10-17 19:53:09,626 TV2 front page checked on 2020-10-17 19:53:09.626616. 2 new articles found.
2020-10-17 20:47:36,989 Checking Berlingske front page...
2020-10-17 20:47:37,465 Berlingske front page checked on 2020-10-17 20:47:37.464965. 0 new articles found.
2020-10-17 20:47:37,465 Checking Politiken front page...
2020-10-17 20:47:47,215 Politiken front page checked on 2020-10-17 20:47:47.215160. 1 new articles found.
2020-10-17 20:47:47,220 Checking DR front page...
2020-10-17 20:47:47,453 DR front page checked on 2020-10-17 20:47:47.453215. 0 new articles found.
2020-10-17 20:47:47,453 Checking TV2 front page...
2020-10-17 20:47:52,591 TV2 front page checked on 2020-10-17 20:47:52.591170. 1 new articles found.
2020-10-17 21:31:36,967 Checking Berlingske front page...
2020-10-17 21:31:45,245 Berlingske front page checked on 2020-10-17 21:31:45.245363. 1 new articles found.
2020-10-17 21:31:45,248 Checking Politiken front page...
2020-10-17 21:31:54,002 Politiken front page checked on 2020-10-17 21:31:54.002824. 1 new articles found.
2020-10-17 21:31:54,007 Checking DR front page...
2020-10-17 21:31:54,702 DR front page checked on 2020-10-17 21:31:54.702680. 0 new articles found.
2020-10-17 21:31:54,703 Checking TV2 front page...
2020-10-17 21:32:06,953 TV2 front page checked on 2020-10-17 21:32:06.953271. 2 new articles found.
2020-10-17 22:13:45,410 Checking Berlingske front page...
2020-10-17 22:13:46,999 Berlingske front page checked on 2020-10-17 22:13:46.999444. 0 new articles found.
2020-10-17 22:13:46,999 Checking Politiken front page...
2020-10-17 22:13:47,889 Politiken front page checked on 2020-10-17 22:13:47.889816. 0 new articles found.
2020-10-17 22:13:47,890 Checking DR front page...
2020-10-17 22:13:48,118 DR front page checked on 2020-10-17 22:13:48.118962. 0 new articles found.
2020-10-17 22:13:48,119 Checking TV2 front page...
2020-10-17 22:13:48,489 TV2 front page checked on 2020-10-17 22:13:48.489677. 0 new articles found.
2020-10-17 23:01:38,894 Checking Berlingske front page...
2020-10-17 23:01:40,394 Berlingske front page checked on 2020-10-17 23:01:40.394890. 0 new articles found.
2020-10-17 23:01:40,395 Checking Politiken front page...
2020-10-17 23:01:41,320 Politiken front page checked on 2020-10-17 23:01:41.320352. 0 new articles found.
2020-10-17 23:01:41,320 Checking DR front page...
2020-10-17 23:01:41,525 DR front page checked on 2020-10-17 23:01:41.525237. 0 new articles found.
2020-10-17 23:01:41,525 Checking TV2 front page...
2020-10-17 23:01:56,102 TV2 front page checked on 2020-10-17 23:01:56.102080. 3 new articles found.
2020-10-18 00:03:20,552 Checking Berlingske front page...
2020-10-18 00:03:21,087 Berlingske front page checked on 2020-10-18 00:03:21.087048. 0 new articles found.
2020-10-18 00:03:21,087 Checking Politiken front page...
2020-10-18 00:03:22,056 Politiken front page checked on 2020-10-18 00:03:22.056086. 0 new articles found.
2020-10-18 00:03:22,056 Checking DR front page...
2020-10-18 00:03:22,440 DR front page checked on 2020-10-18 00:03:22.440553. 0 new articles found.
2020-10-18 00:03:22,440 Checking TV2 front page...
2020-10-18 00:03:29,495 TV2 front page checked on 2020-10-18 00:03:29.494985. 1 new articles found.
2020-10-18 00:50:04,848 Checking Berlingske front page...
2020-10-18 00:50:06,296 Berlingske front page checked on 2020-10-18 00:50:06.295994. 0 new articles found.
2020-10-18 00:50:06,296 Checking Politiken front page...
2020-10-18 00:50:07,267 Politiken front page checked on 2020-10-18 00:50:07.267231. 0 new articles found.
2020-10-18 00:50:07,267 Checking DR front page...
2020-10-18 00:50:07,491 DR front page checked on 2020-10-18 00:50:07.491312. 0 new articles found.
2020-10-18 00:50:07,491 Checking TV2 front page...
2020-10-18 00:50:08,023 TV2 front page checked on 2020-10-18 00:50:08.023512. 0 new articles found.
2020-10-18 01:49:13,502 Checking Berlingske front page...
2020-10-18 01:49:13,913 Berlingske front page checked on 2020-10-18 01:49:13.913346. 0 new articles found.
2020-10-18 01:49:13,913 Checking Politiken front page...
2020-10-18 01:49:14,729 Politiken front page checked on 2020-10-18 01:49:14.729818. 0 new articles found.
2020-10-18 01:49:14,730 Checking DR front page...
2020-10-18 01:49:15,007 DR front page checked on 2020-10-18 01:49:15.007029. 0 new articles found.
2020-10-18 01:49:15,007 Checking TV2 front page...
2020-10-18 01:49:15,461 TV2 front page checked on 2020-10-18 01:49:15.461724. 0 new articles found.
2020-10-18 02:45:18,871 Checking Berlingske front page...
2020-10-18 02:45:20,464 Berlingske front page checked on 2020-10-18 02:45:20.464003. 0 new articles found.
2020-10-18 02:45:20,464 Checking Politiken front page...
2020-10-18 02:45:21,521 Politiken front page checked on 2020-10-18 02:45:21.521089. 0 new articles found.
2020-10-18 02:45:21,521 Checking DR front page...
2020-10-18 02:45:21,832 DR front page checked on 2020-10-18 02:45:21.832597. 0 new articles found.
2020-10-18 02:45:21,832 Checking TV2 front page...
2020-10-18 02:45:22,361 TV2 front page checked on 2020-10-18 02:45:22.361078. 0 new articles found.
2020-10-18 03:45:43,734 Checking Berlingske front page...
2020-10-18 03:45:44,141 Berlingske front page checked on 2020-10-18 03:45:44.141627. 0 new articles found.
2020-10-18 03:45:44,141 Checking Politiken front page...
2020-10-18 03:45:45,011 Politiken front page checked on 2020-10-18 03:45:45.011258. 0 new articles found.
2020-10-18 03:45:45,011 Checking DR front page...
2020-10-18 03:45:45,263 DR front page checked on 2020-10-18 03:45:45.263585. 0 new articles found.
2020-10-18 03:45:45,263 Checking TV2 front page...
2020-10-18 03:45:45,765 TV2 front page checked on 2020-10-18 03:45:45.765074. 0 new articles found.
2020-10-18 04:44:57,232 Checking Berlingske front page...
2020-10-18 04:44:57,742 Berlingske front page checked on 2020-10-18 04:44:57.742754. 0 new articles found.
2020-10-18 04:44:57,742 Checking Politiken front page...
2020-10-18 04:44:58,556 Politiken front page checked on 2020-10-18 04:44:58.556610. 0 new articles found.
2020-10-18 04:44:58,556 Checking DR front page...
2020-10-18 04:44:58,911 DR front page checked on 2020-10-18 04:44:58.911664. 0 new articles found.
2020-10-18 04:44:58,911 Checking TV2 front page...
2020-10-18 04:44:59,315 TV2 front page checked on 2020-10-18 04:44:59.315040. 0 new articles found.
2020-10-18 05:31:26,697 Checking Berlingske front page...
2020-10-18 05:31:27,110 Berlingske front page checked on 2020-10-18 05:31:27.110152. 0 new articles found.
2020-10-18 05:31:27,110 Checking Politiken front page...
2020-10-18 05:31:27,938 Politiken front page checked on 2020-10-18 05:31:27.937988. 0 new articles found.
2020-10-18 05:31:27,938 Checking DR front page...
2020-10-18 05:31:28,222 DR front page checked on 2020-10-18 05:31:28.222306. 0 new articles found.
2020-10-18 05:31:28,222 Checking TV2 front page...
2020-10-18 05:31:40,335 TV2 front page checked on 2020-10-18 05:31:40.335339. 2 new articles found.
2020-10-18 06:30:45,716 Checking Berlingske front page...
2020-10-18 06:30:51,340 Berlingske front page checked on 2020-10-18 06:30:51.340258. 1 new articles found.
2020-10-18 06:30:51,343 Checking Politiken front page...
2020-10-18 06:30:52,277 Politiken front page checked on 2020-10-18 06:30:52.277558. 0 new articles found.
2020-10-18 06:30:52,277 Checking DR front page...
2020-10-18 06:30:52,521 DR front page checked on 2020-10-18 06:30:52.521592. 0 new articles found.
2020-10-18 06:30:52,521 Checking TV2 front page...
2020-10-18 06:31:20,762 TV2 front page checked on 2020-10-18 06:31:20.762896. 5 new articles found.
2020-10-18 07:32:58,210 Checking Berlingske front page...
2020-10-18 07:32:58,627 Berlingske front page checked on 2020-10-18 07:32:58.627041. 0 new articles found.
2020-10-18 07:32:58,627 Checking Politiken front page...
2020-10-18 07:32:59,439 Politiken front page checked on 2020-10-18 07:32:59.439278. 0 new articles found.
2020-10-18 07:32:59,439 Checking DR front page...
2020-10-18 07:33:08,409 DR front page checked on 2020-10-18 07:33:08.409533. 2 new articles found.
2020-10-18 07:33:08,409 Checking TV2 front page...
2020-10-18 07:33:21,118 TV2 front page checked on 2020-10-18 07:33:21.118408. 3 new articles found.
2020-10-18 08:34:51,575 Checking Berlingske front page...
2020-10-18 08:34:52,005 Berlingske front page checked on 2020-10-18 08:34:52.005440. 0 new articles found.
2020-10-18 08:34:52,005 Checking Politiken front page...
2020-10-18 08:34:52,852 Politiken front page checked on 2020-10-18 08:34:52.852500. 0 new articles found.
2020-10-18 08:34:52,852 Checking DR front page...
2020-10-18 08:34:53,091 DR front page checked on 2020-10-18 08:34:53.091580. 0 new articles found.
2020-10-18 08:34:53,091 Checking TV2 front page...
2020-10-18 08:34:58,962 TV2 front page checked on 2020-10-18 08:34:58.962195. 1 new articles found.
2020-10-18 09:32:54,301 Checking Berlingske front page...
2020-10-18 09:32:55,725 Berlingske front page checked on 2020-10-18 09:32:55.725057. 0 new articles found.
2020-10-18 09:32:55,725 Checking Politiken front page...
2020-10-18 09:32:56,628 Politiken front page checked on 2020-10-18 09:32:56.628598. 0 new articles found.
2020-10-18 09:32:56,628 Checking DR front page...
2020-10-18 09:32:56,888 DR front page checked on 2020-10-18 09:32:56.888466. 0 new articles found.
2020-10-18 09:32:56,888 Checking TV2 front page...
2020-10-18 09:33:13,161 TV2 front page checked on 2020-10-18 09:33:13.161940. 3 new articles found.
2020-10-18 10:18:27,554 Checking Berlingske front page...
2020-10-18 10:18:29,131 Berlingske front page checked on 2020-10-18 10:18:29.131382. 0 new articles found.
2020-10-18 10:18:29,131 Checking Politiken front page...
2020-10-18 10:18:30,143 Politiken front page checked on 2020-10-18 10:18:30.143706. 0 new articles found.
2020-10-18 10:18:30,143 Checking DR front page...
2020-10-18 10:18:31,195 DR front page checked on 2020-10-18 10:18:31.195700. 0 new articles found.
2020-10-18 10:18:31,195 Checking TV2 front page...
2020-10-18 10:18:47,448 TV2 front page checked on 2020-10-18 10:18:47.448631. 3 new articles found.
2020-10-18 11:19:05,877 Checking Berlingske front page...
2020-10-18 11:19:06,262 Berlingske front page checked on 2020-10-18 11:19:06.262697. 0 new articles found.
2020-10-18 11:19:06,262 Checking Politiken front page...
2020-10-18 11:19:07,119 Politiken front page checked on 2020-10-18 11:19:07.119645. 0 new articles found.
2020-10-18 11:19:07,119 Checking DR front page...
2020-10-18 11:19:07,407 DR front page checked on 2020-10-18 11:19:07.407939. 0 new articles found.
2020-10-18 11:19:07,408 Checking TV2 front page...
2020-10-18 11:19:30,323 TV2 front page checked on 2020-10-18 11:19:30.323610. 5 new articles found.
2020-10-18 12:20:34,753 Checking Berlingske front page...
2020-10-18 12:20:48,320 Berlingske front page checked on 2020-10-18 12:20:48.320292. 2 new articles found.
2020-10-18 12:20:48,322 Checking Politiken front page...
2020-10-18 12:20:49,209 Politiken front page checked on 2020-10-18 12:20:49.209822. 0 new articles found.
2020-10-18 12:20:49,210 Checking DR front page...
2020-10-18 12:20:55,334 DR front page checked on 2020-10-18 12:20:55.334375. 1 new articles found.
2020-10-18 12:20:55,334 Checking TV2 front page...
2020-10-18 12:21:07,739 TV2 front page checked on 2020-10-18 12:21:07.739325. 2 new articles found.
2020-10-18 13:04:37,194 Checking Berlingske front page...
2020-10-18 13:04:37,633 Berlingske front page checked on 2020-10-18 13:04:37.633331. 0 new articles found.
2020-10-18 13:04:37,633 Checking Politiken front page...
2020-10-18 13:04:38,446 Politiken front page checked on 2020-10-18 13:04:38.446652. 0 new articles found.
2020-10-18 13:04:38,446 Checking DR front page...
2020-10-18 13:04:38,666 DR front page checked on 2020-10-18 13:04:38.666490. 0 new articles found.
2020-10-18 13:04:38,666 Checking TV2 front page...
2020-10-18 13:05:01,273 TV2 front page checked on 2020-10-18 13:05:01.273261. 4 new articles found.
2020-10-18 14:05:48,674 Checking Berlingske front page...
2020-10-18 14:05:59,181 Berlingske front page checked on 2020-10-18 14:05:59.181736. 2 new articles found.
2020-10-18 14:05:59,185 Checking Politiken front page...
2020-10-18 14:06:05,759 Politiken front page checked on 2020-10-18 14:06:05.759409. 1 new articles found.
2020-10-18 14:06:05,764 Checking DR front page...
2020-10-18 14:06:06,047 DR front page checked on 2020-10-18 14:06:06.046967. 0 new articles found.
2020-10-18 14:06:06,047 Checking TV2 front page...
2020-10-18 14:06:24,558 TV2 front page checked on 2020-10-18 14:06:24.558803. 4 new articles found.
2020-10-18 15:00:23,992 Checking Berlingske front page...
2020-10-18 15:00:35,259 Berlingske front page checked on 2020-10-18 15:00:35.259842. 2 new articles found.
2020-10-18 15:00:35,262 Checking Politiken front page...
2020-10-18 15:00:36,082 Politiken front page checked on 2020-10-18 15:00:36.081979. 0 new articles found.
2020-10-18 15:00:36,082 Checking DR front page...
2020-10-18 15:00:36,428 DR front page checked on 2020-10-18 15:00:36.428924. 0 new articles found.
2020-10-18 15:00:36,429 Checking TV2 front page...
2020-10-18 15:00:41,671 TV2 front page checked on 2020-10-18 15:00:41.671572. 1 new articles found.
2020-10-18 15:47:33,136 Checking Berlingske front page...
2020-10-18 15:47:41,986 Berlingske front page checked on 2020-10-18 15:47:41.986384. 1 new articles found.
2020-10-18 15:47:41,989 Checking Politiken front page...
2020-10-18 15:47:49,503 Politiken front page checked on 2020-10-18 15:47:49.503003. 1 new articles found.
2020-10-18 15:47:49,507 Checking DR front page...
2020-10-18 15:47:49,887 DR front page checked on 2020-10-18 15:47:49.887123. 0 new articles found.
2020-10-18 15:47:49,887 Checking TV2 front page...
2020-10-18 15:48:03,218 TV2 front page checked on 2020-10-18 15:48:03.218440. 3 new articles found.
2020-10-18 16:34:44,598 Checking Berlingske front page...
2020-10-18 16:34:46,194 Berlingske front page checked on 2020-10-18 16:34:46.194078. 0 new articles found.
2020-10-18 16:34:46,194 Checking Politiken front page...
2020-10-18 16:34:59,263 Politiken front page checked on 2020-10-18 16:34:59.263193. 2 new articles found.
2020-10-18 16:34:59,268 Checking DR front page...
2020-10-18 16:35:05,653 DR front page checked on 2020-10-18 16:35:05.653912. 1 new articles found.
2020-10-18 16:35:05,654 Checking TV2 front page...
2020-10-18 16:35:24,570 TV2 front page checked on 2020-10-18 16:35:24.570750. 3 new articles found.
2020-10-18 17:31:23,981 Checking Berlingske front page...
2020-10-18 17:31:39,338 Berlingske front page checked on 2020-10-18 17:31:39.338879. 3 new articles found.
2020-10-18 17:31:39,341 Checking Politiken front page...
2020-10-18 17:32:00,095 Politiken front page checked on 2020-10-18 17:32:00.095680. 4 new articles found.
2020-10-18 17:32:00,100 Checking DR front page...
2020-10-18 17:32:07,294 DR front page checked on 2020-10-18 17:32:07.293947. 2 new articles found.
2020-10-18 17:32:07,294 Checking TV2 front page...
2020-10-18 17:32:20,282 TV2 front page checked on 2020-10-18 17:32:20.282384. 2 new articles found.
2020-10-18 18:17:38,735 Checking Berlingske front page...
2020-10-18 18:17:50,442 Berlingske front page checked on 2020-10-18 18:17:50.442768. 2 new articles found.
2020-10-18 18:17:50,445 Checking Politiken front page...
2020-10-18 18:17:59,639 Politiken front page checked on 2020-10-18 18:17:59.639461. 1 new articles found.
2020-10-18 18:17:59,644 Checking DR front page...
2020-10-18 18:18:08,298 DR front page checked on 2020-10-18 18:18:08.298066. 2 new articles found.
2020-10-18 18:18:08,298 Checking TV2 front page...
2020-10-18 18:18:20,186 TV2 front page checked on 2020-10-18 18:18:20.186788. 2 new articles found.
2020-10-18 19:03:23,620 Checking Berlingske front page...
2020-10-18 19:03:35,527 Berlingske front page checked on 2020-10-18 19:03:35.527036. 2 new articles found.
2020-10-18 19:03:35,529 Checking Politiken front page...
2020-10-18 19:03:44,599 Politiken front page checked on 2020-10-18 19:03:44.599730. 1 new articles found.
2020-10-18 19:03:44,604 Checking DR front page...
2020-10-18 19:03:47,678 DR front page checked on 2020-10-18 19:03:47.678260. 1 new articles found.
2020-10-18 19:03:47,678 Checking TV2 front page...
2020-10-18 19:03:55,774 TV2 front page checked on 2020-10-18 19:03:55.774888. 1 new articles found.
2020-10-18 19:58:09,187 Checking Berlingske front page...
2020-10-18 19:58:10,225 Berlingske front page checked on 2020-10-18 19:58:10.225759. 0 new articles found.
2020-10-18 19:58:10,225 Checking Politiken front page...
2020-10-18 19:58:24,469 Politiken front page checked on 2020-10-18 19:58:24.469145. 2 new articles found.
2020-10-18 19:58:24,474 Checking DR front page...
2020-10-18 19:58:24,944 DR front page checked on 2020-10-18 19:58:24.944303. 0 new articles found.
2020-10-18 19:58:24,944 Checking TV2 front page...
2020-10-18 19:58:43,013 TV2 front page checked on 2020-10-18 19:58:43.013156. 4 new articles found.
2020-10-18 20:42:20,462 Checking Berlingske front page...
2020-10-18 20:42:32,678 Berlingske front page checked on 2020-10-18 20:42:32.678940. 2 new articles found.
2020-10-18 20:42:32,681 Checking Politiken front page...
2020-10-18 20:42:33,589 Politiken front page checked on 2020-10-18 20:42:33.589691. 0 new articles found.
2020-10-18 20:42:33,589 Checking DR front page...
2020-10-18 20:42:33,850 DR front page checked on 2020-10-18 20:42:33.850751. 0 new articles found.
2020-10-18 20:42:33,850 Checking TV2 front page...
2020-10-18 20:42:52,725 TV2 front page checked on 2020-10-18 20:42:52.725878. 3 new articles found.
2020-10-18 21:43:52,095 Checking Berlingske front page...
2020-10-18 21:43:52,580 Berlingske front page checked on 2020-10-18 21:43:52.580776. 0 new articles found.
2020-10-18 21:43:52,580 Checking Politiken front page...
2020-10-18 21:44:02,712 Politiken front page checked on 2020-10-18 21:44:02.712730. 1 new articles found.
2020-10-18 21:44:02,717 Checking DR front page...
2020-10-18 21:44:08,234 DR front page checked on 2020-10-18 21:44:08.234062. 1 new articles found.
2020-10-18 21:44:08,234 Checking TV2 front page...
2020-10-18 21:44:22,219 TV2 front page checked on 2020-10-18 21:44:22.219127. 2 new articles found.
2020-10-18 22:27:41,695 Checking Berlingske front page...
2020-10-18 22:27:43,516 Berlingske front page checked on 2020-10-18 22:27:43.516295. 0 new articles found.
2020-10-18 22:27:43,516 Checking Politiken front page...
2020-10-18 22:27:56,056 Politiken front page checked on 2020-10-18 22:27:56.056824. 2 new articles found.
2020-10-18 22:27:56,061 Checking DR front page...
2020-10-18 22:27:56,276 DR front page checked on 2020-10-18 22:27:56.276808. 0 new articles found.
2020-10-18 22:27:56,277 Checking TV2 front page...
2020-10-18 22:28:06,759 TV2 front page checked on 2020-10-18 22:28:06.759243. 2 new articles found.
2020-10-18 23:13:47,146 Checking Berlingske front page...
2020-10-18 23:13:52,682 Berlingske front page checked on 2020-10-18 23:13:52.682892. 1 new articles found.
2020-10-18 23:13:52,685 Checking Politiken front page...
2020-10-18 23:13:58,765 Politiken front page checked on 2020-10-18 23:13:58.765444. 1 new articles found.
2020-10-18 23:13:58,770 Checking DR front page...
2020-10-18 23:14:03,058 DR front page checked on 2020-10-18 23:14:03.058930. 1 new articles found.
2020-10-18 23:14:03,059 Checking TV2 front page...
2020-10-18 23:14:18,571 TV2 front page checked on 2020-10-18 23:14:18.571281. 3 new articles found.
2020-10-19 00:04:38,901 Checking Berlingske front page...
2020-10-19 00:04:54,435 Berlingske front page checked on 2020-10-19 00:04:54.435221. 3 new articles found.
2020-10-19 00:04:54,441 Checking Politiken front page...
2020-10-19 00:05:06,796 Politiken front page checked on 2020-10-19 00:05:06.796738. 2 new articles found.
2020-10-19 00:05:06,801 Checking DR front page...
2020-10-19 00:05:07,150 DR front page checked on 2020-10-19 00:05:07.150045. 0 new articles found.
2020-10-19 00:05:07,150 Checking TV2 front page...
2020-10-19 00:05:11,665 TV2 front page checked on 2020-10-19 00:05:11.665413. 1 new articles found.
2020-10-19 00:53:29,057 Checking Berlingske front page...
2020-10-19 00:53:41,331 Berlingske front page checked on 2020-10-19 00:53:41.331135. 2 new articles found.
2020-10-19 00:53:41,333 Checking Politiken front page...
2020-10-19 00:53:55,241 Politiken front page checked on 2020-10-19 00:53:55.241855. 2 new articles found.
2020-10-19 00:53:55,246 Checking DR front page...
2020-10-19 00:54:01,263 DR front page checked on 2020-10-19 00:54:01.263581. 1 new articles found.
2020-10-19 00:54:01,263 Checking TV2 front page...
2020-10-19 00:54:01,790 TV2 front page checked on 2020-10-19 00:54:01.790673. 0 new articles found.
2020-10-19 01:37:52,238 Checking Berlingske front page...
2020-10-19 01:37:53,712 Berlingske front page checked on 2020-10-19 01:37:53.712266. 0 new articles found.
2020-10-19 01:37:53,712 Checking Politiken front page...
2020-10-19 01:37:54,625 Politiken front page checked on 2020-10-19 01:37:54.625783. 0 new articles found.
2020-10-19 01:37:54,626 Checking DR front page...
2020-10-19 01:37:54,946 DR front page checked on 2020-10-19 01:37:54.946734. 0 new articles found.
2020-10-19 01:37:54,947 Checking TV2 front page...
2020-10-19 01:37:55,409 TV2 front page checked on 2020-10-19 01:37:55.409877. 0 new articles found.
2020-10-19 02:32:43,789 Checking Berlingske front page...
2020-10-19 02:32:44,200 Berlingske front page checked on 2020-10-19 02:32:44.200648. 0 new articles found.
2020-10-19 02:32:44,200 Checking Politiken front page...
2020-10-19 02:32:45,108 Politiken front page checked on 2020-10-19 02:32:45.108834. 0 new articles found.
2020-10-19 02:32:45,109 Checking DR front page...
2020-10-19 02:32:45,337 DR front page checked on 2020-10-19 02:32:45.337732. 0 new articles found.
2020-10-19 02:32:45,337 Checking TV2 front page...
2020-10-19 02:32:45,728 TV2 front page checked on 2020-10-19 02:32:45.727986. 0 new articles found.
2020-10-19 03:29:05,119 Checking Berlingske front page...
2020-10-19 03:29:05,505 Berlingske front page checked on 2020-10-19 03:29:05.505508. 0 new articles found.
2020-10-19 03:29:05,505 Checking Politiken front page...
2020-10-19 03:29:06,446 Politiken front page checked on 2020-10-19 03:29:06.446187. 0 new articles found.
2020-10-19 03:29:06,446 Checking DR front page...
2020-10-19 03:29:07,451 DR front page checked on 2020-10-19 03:29:07.451310. 0 new articles found.
2020-10-19 03:29:07,451 Checking TV2 front page...
2020-10-19 03:29:07,894 TV2 front page checked on 2020-10-19 03:29:07.894532. 0 new articles found.
2020-10-19 04:10:12,320 Checking Berlingske front page...
2020-10-19 04:10:13,728 Berlingske front page checked on 2020-10-19 04:10:13.728267. 0 new articles found.
2020-10-19 04:10:13,728 Checking Politiken front page...
2020-10-19 04:10:14,538 Politiken front page checked on 2020-10-19 04:10:14.538712. 0 new articles found.
2020-10-19 04:10:14,539 Checking DR front page...
2020-10-19 04:10:14,794 DR front page checked on 2020-10-19 04:10:14.794026. 0 new articles found.
2020-10-19 04:10:14,794 Checking TV2 front page...
2020-10-19 04:10:15,323 TV2 front page checked on 2020-10-19 04:10:15.323264. 0 new articles found.
2020-10-19 04:54:05,762 Checking Berlingske front page...
2020-10-19 04:54:11,067 Berlingske front page checked on 2020-10-19 04:54:11.067347. 1 new articles found.
2020-10-19 04:54:11,070 Checking Politiken front page...
2020-10-19 04:54:11,867 Politiken front page checked on 2020-10-19 04:54:11.867048. 0 new articles found.
2020-10-19 04:54:11,867 Checking DR front page...
2020-10-19 04:54:12,130 DR front page checked on 2020-10-19 04:54:12.130012. 0 new articles found.
2020-10-19 04:54:12,130 Checking TV2 front page...
2020-10-19 04:54:12,619 TV2 front page checked on 2020-10-19 04:54:12.619247. 0 new articles found.
2020-10-19 05:42:33,060 Checking Berlingske front page...
2020-10-19 05:42:34,664 Berlingske front page checked on 2020-10-19 05:42:34.664567. 0 new articles found.
2020-10-19 05:42:34,664 Checking Politiken front page...
2020-10-19 05:42:35,684 Politiken front page checked on 2020-10-19 05:42:35.684227. 0 new articles found.
2020-10-19 05:42:35,684 Checking DR front page...
2020-10-19 05:42:35,988 DR front page checked on 2020-10-19 05:42:35.988744. 0 new articles found.
2020-10-19 05:42:35,988 Checking TV2 front page...
2020-10-19 05:43:00,891 TV2 front page checked on 2020-10-19 05:43:00.891147. 5 new articles found.
2020-10-19 06:34:29,383 Checking Berlingske front page...
2020-10-19 06:34:43,379 Berlingske front page checked on 2020-10-19 06:34:43.379675. 2 new articles found.
2020-10-19 06:34:43,382 Checking Politiken front page...
2020-10-19 06:34:44,308 Politiken front page checked on 2020-10-19 06:34:44.308264. 0 new articles found.
2020-10-19 06:34:44,308 Checking DR front page...
2020-10-19 06:34:47,945 DR front page checked on 2020-10-19 06:34:47.945401. 1 new articles found.
2020-10-19 06:34:47,945 Checking TV2 front page...
2020-10-19 06:34:58,567 TV2 front page checked on 2020-10-19 06:34:58.567096. 2 new articles found.
2020-10-19 07:26:34,019 Checking Berlingske front page...
2020-10-19 07:26:40,852 Berlingske front page checked on 2020-10-19 07:26:40.852073. 1 new articles found.
2020-10-19 07:26:40,854 Checking Politiken front page...
2020-10-19 07:26:41,706 Politiken front page checked on 2020-10-19 07:26:41.706397. 0 new articles found.
2020-10-19 07:26:41,706 Checking DR front page...
2020-10-19 07:26:41,998 DR front page checked on 2020-10-19 07:26:41.998608. 0 new articles found.
2020-10-19 07:26:41,998 Checking TV2 front page...
2020-10-19 07:26:49,131 TV2 front page checked on 2020-10-19 07:26:49.130968. 1 new articles found.
2020-10-19 08:21:14,570 Checking Berlingske front page...
2020-10-19 08:21:30,727 Berlingske front page checked on 2020-10-19 08:21:30.727867. 3 new articles found.
2020-10-19 08:21:30,730 Checking Politiken front page...
2020-10-19 08:21:31,659 Politiken front page checked on 2020-10-19 08:21:31.659483. 0 new articles found.
2020-10-19 08:21:31,659 Checking DR front page...
2020-10-19 08:21:31,912 DR front page checked on 2020-10-19 08:21:31.911978. 0 new articles found.
2020-10-19 08:21:31,912 Checking TV2 front page...
2020-10-19 08:21:44,794 TV2 front page checked on 2020-10-19 08:21:44.794900. 2 new articles found.
2020-10-19 09:04:13,359 Checking Berlingske front page...
2020-10-19 09:04:29,834 Berlingske front page checked on 2020-10-19 09:04:29.834145. 3 new articles found.
2020-10-19 09:04:29,836 Checking Politiken front page...
2020-10-19 09:04:38,548 Politiken front page checked on 2020-10-19 09:04:38.548060. 1 new articles found.
2020-10-19 09:04:38,552 Checking DR front page...
2020-10-19 09:04:38,815 DR front page checked on 2020-10-19 09:04:38.815397. 0 new articles found.
2020-10-19 09:04:38,815 Checking TV2 front page...
2020-10-19 09:04:43,214 TV2 front page checked on 2020-10-19 09:04:43.214921. 1 new articles found.
2020-10-19 09:50:38,608 Checking Berlingske front page...
2020-10-19 09:50:46,863 Berlingske front page checked on 2020-10-19 09:50:46.863761. 1 new articles found.
2020-10-19 09:50:46,866 Checking Politiken front page...
2020-10-19 09:50:47,766 Politiken front page checked on 2020-10-19 09:50:47.766910. 0 new articles found.
2020-10-19 09:50:47,767 Checking DR front page...
2020-10-19 09:50:48,025 DR front page checked on 2020-10-19 09:50:48.025329. 0 new articles found.
2020-10-19 09:50:48,025 Checking TV2 front page...
2020-10-19 09:50:53,406 TV2 front page checked on 2020-10-19 09:50:53.406700. 1 new articles found.
2020-10-19 10:51:53,280 Checking Berlingske front page...
2020-10-19 10:51:53,694 Berlingske front page checked on 2020-10-19 10:51:53.694247. 0 new articles found.
2020-10-19 10:51:53,694 Checking Politiken front page...
2020-10-19 10:51:59,592 Politiken front page checked on 2020-10-19 10:51:59.592405. 1 new articles found.
2020-10-19 10:51:59,597 Checking DR front page...
2020-10-19 10:51:59,999 DR front page checked on 2020-10-19 10:51:59.999879. 0 new articles found.
2020-10-19 10:52:00,000 Checking TV2 front page...
2020-10-19 10:52:24,443 TV2 front page checked on 2020-10-19 10:52:24.442986. 4 new articles found.
2020-10-19 11:42:14,823 Checking Berlingske front page...
2020-10-19 11:42:21,515 Berlingske front page checked on 2020-10-19 11:42:21.515759. 1 new articles found.
2020-10-19 11:42:21,518 Checking Politiken front page...
2020-10-19 11:42:34,867 Politiken front page checked on 2020-10-19 11:42:34.867397. 2 new articles found.
2020-10-19 11:42:34,875 Checking DR front page...
2020-10-19 11:42:46,003 DR front page checked on 2020-10-19 11:42:46.003451. 2 new articles found.
2020-10-19 11:42:46,003 Checking TV2 front page...
2020-10-19 11:43:00,227 TV2 front page checked on 2020-10-19 11:43:00.227090. 3 new articles found.
2020-10-19 12:36:28,672 Checking Berlingske front page...
2020-10-19 12:36:38,079 Berlingske front page checked on 2020-10-19 12:36:38.079955. 2 new articles found.
2020-10-19 12:36:38,082 Checking Politiken front page...
2020-10-19 12:36:45,234 Politiken front page checked on 2020-10-19 12:36:45.234486. 1 new articles found.
2020-10-19 12:36:45,242 Checking DR front page...
2020-10-19 12:36:48,480 DR front page checked on 2020-10-19 12:36:48.479974. 1 new articles found.
2020-10-19 12:36:48,480 Checking TV2 front page...
2020-10-19 12:37:02,815 TV2 front page checked on 2020-10-19 12:37:02.815616. 2 new articles found.
2020-10-19 13:38:10,176 Checking Berlingske front page...
2020-10-19 13:38:25,306 Berlingske front page checked on 2020-10-19 13:38:25.306342. 2 new articles found.
2020-10-19 13:38:25,310 Checking Politiken front page...
2020-10-19 13:38:39,295 Politiken front page checked on 2020-10-19 13:38:39.295692. 2 new articles found.
2020-10-19 13:38:39,303 Checking DR front page...
2020-10-19 13:38:39,519 DR front page checked on 2020-10-19 13:38:39.519128. 0 new articles found.
2020-10-19 13:38:39,519 Checking TV2 front page...
2020-10-19 13:39:09,853 TV2 front page checked on 2020-10-19 13:39:09.853937. 6 new articles found.
2020-10-19 14:28:34,315 Checking Berlingske front page...
2020-10-19 14:28:44,330 Berlingske front page checked on 2020-10-19 14:28:44.330735. 2 new articles found.
2020-10-19 14:28:44,333 Checking Politiken front page...
2020-10-19 14:28:45,279 Politiken front page checked on 2020-10-19 14:28:45.279738. 0 new articles found.
2020-10-19 14:28:45,279 Checking DR front page...
2020-10-19 14:28:54,925 DR front page checked on 2020-10-19 14:28:54.925586. 2 new articles found.
2020-10-19 14:28:54,925 Checking TV2 front page...
2020-10-19 14:29:03,076 TV2 front page checked on 2020-10-19 14:29:03.076146. 1 new articles found.
2020-10-19 15:27:46,544 Checking Berlingske front page...
2020-10-19 15:27:54,942 Berlingske front page checked on 2020-10-19 15:27:54.942844. 1 new articles found.
2020-10-19 15:27:54,945 Checking Politiken front page...
2020-10-19 15:28:00,699 Politiken front page checked on 2020-10-19 15:28:00.699694. 1 new articles found.
2020-10-19 15:28:00,709 Checking DR front page...
2020-10-19 15:28:03,817 DR front page checked on 2020-10-19 15:28:03.817270. 1 new articles found.
2020-10-19 15:28:03,817 Checking TV2 front page...
2020-10-19 15:28:28,456 TV2 front page checked on 2020-10-19 15:28:28.456427. 5 new articles found.
2020-10-19 16:27:31,899 Checking Berlingske front page...
2020-10-19 16:27:44,102 Berlingske front page checked on 2020-10-19 16:27:44.102807. 2 new articles found.
2020-10-19 16:27:44,108 Checking Politiken front page...
2020-10-19 16:27:45,125 Politiken front page checked on 2020-10-19 16:27:45.125218. 0 new articles found.
2020-10-19 16:27:45,125 Checking DR front page...
2020-10-19 16:27:45,613 DR front page checked on 2020-10-19 16:27:45.613731. 0 new articles found.
2020-10-19 16:27:45,613 Checking TV2 front page...
2020-10-19 16:27:54,705 TV2 front page checked on 2020-10-19 16:27:54.705644. 2 new articles found.
2020-10-19 17:16:05,183 Checking Berlingske front page...
2020-10-19 17:16:12,475 Berlingske front page checked on 2020-10-19 17:16:12.474959. 1 new articles found.
2020-10-19 17:16:12,480 Checking Politiken front page...
2020-10-19 17:16:13,486 Politiken front page checked on 2020-10-19 17:16:13.486682. 0 new articles found.
2020-10-19 17:16:13,486 Checking DR front page...
2020-10-19 17:16:13,839 DR front page checked on 2020-10-19 17:16:13.839491. 0 new articles found.
2020-10-19 17:16:13,839 Checking TV2 front page...
2020-10-19 17:16:14,213 TV2 front page checked on 2020-10-19 17:16:14.213414. 0 new articles found.
2020-10-19 18:08:46,703 Checking Berlingske front page...
2020-10-19 18:08:47,170 Berlingske front page checked on 2020-10-19 18:08:47.170358. 0 new articles found.
2020-10-19 18:08:47,170 Checking Politiken front page...
2020-10-19 18:08:48,079 Politiken front page checked on 2020-10-19 18:08:48.079199. 0 new articles found.
2020-10-19 18:08:48,079 Checking DR front page...
2020-10-19 18:08:48,394 DR front page checked on 2020-10-19 18:08:48.394729. 0 new articles found.
2020-10-19 18:08:48,394 Checking TV2 front page...
2020-10-19 18:09:07,532 TV2 front page checked on 2020-10-19 18:09:07.532173. 4 new articles found.
2020-10-19 19:01:00,201 Checking Berlingske front page...
2020-10-19 19:01:13,155 Berlingske front page checked on 2020-10-19 19:01:13.155117. 3 new articles found.
2020-10-19 19:01:13,160 Checking Politiken front page...
2020-10-19 19:01:14,045 Politiken front page checked on 2020-10-19 19:01:14.045909. 0 new articles found.
2020-10-19 19:01:14,046 Checking DR front page...
2020-10-19 19:01:20,155 Failed to run watch on DR: HTTPSConnectionPool(host='www.dr.dkhttps', port=443): Max retries exceeded with url: //www.dr.dk/engagement/taet-paa/stil-spoergsmaal-om-frank-jensens-exit-hvordan-stiller-det-socialdemokratiet (Caused by NewConnectionError('<urllib3.connection.HTTPSConnection object at 0x7f538f2eea90>: Failed to establish a new connection: [Errno -2] Name or service not known',))
2020-10-19 19:01:53,931 Checking TV2 front page...
2020-10-19 19:02:08,683 TV2 front page checked on 2020-10-19 19:02:08.683359. 3 new articles found.
2020-10-19 20:00:34,044 Checking Berlingske front page...
2020-10-19 20:00:34,502 Berlingske front page checked on 2020-10-19 20:00:34.502712. 0 new articles found.
2020-10-19 20:00:34,502 Checking Politiken front page...
2020-10-19 20:00:35,380 Politiken front page checked on 2020-10-19 20:00:35.380891. 0 new articles found.
2020-10-19 20:00:35,381 Checking DR front page...
2020-10-19 20:00:40,651 Failed to run watch on DR: HTTPSConnectionPool(host='www.dr.dkhttps', port=443): Max retries exceeded with url: //www.dr.dk/engagement/taet-paa/stil-spoergsmaal-om-frank-jensens-exit-hvordan-stiller-det-socialdemokratiet (Caused by NewConnectionError('<urllib3.connection.HTTPSConnection object at 0x7f538f4a9940>: Failed to establish a new connection: [Errno -2] Name or service not known',))
2020-10-19 20:00:40,773 Checking TV2 front page...
2020-10-19 20:00:55,999 TV2 front page checked on 2020-10-19 20:00:55.999081. 3 new articles found.
