2020-07-22 10:24:26,218 Jul 22 2020 10:24: Updating twitter data...
2020-07-22 10:24:26,218 Scraping profiles...
2020-07-22 10:24:26,218 Jul 22 2020 10:24: Running scrape for JosephineFock
2020-07-22 10:24:26,545 twint.get:User:'NoneType' object is not subscriptable
2020-07-22 10:24:27,345 Jul 22 2020 10:24: Running scrape for TorstenGejl
2020-07-22 10:24:27,661 twint.get:User:'NoneType' object is not subscriptable
2020-07-22 10:24:28,451 Jul 22 2020 10:24: Running scrape for Kristianthdahl
2020-07-22 10:24:28,762 twint.get:User:'NoneType' object is not subscriptable
2020-07-22 10:24:29,668 Jul 22 2020 10:24: Running scrape for MrMesserschmidt
2020-07-22 10:24:29,965 twint.get:User:'NoneType' object is not subscriptable
2020-07-22 10:24:32,233 Jul 22 2020 10:24: Running scrape for LiseBech
2020-07-22 10:24:32,541 twint.get:User:'NoneType' object is not subscriptable
2020-07-22 10:24:33,586 Jul 22 2020 10:24: Running scrape for SorenPape
2020-07-22 10:24:33,890 twint.get:User:'NoneType' object is not subscriptable
2020-07-22 10:24:34,825 Jul 22 2020 10:24: Running scrape for metteabildgaard
2020-07-22 10:24:35,137 twint.get:User:'NoneType' object is not subscriptable
2020-07-22 10:24:36,594 Jul 22 2020 10:24: Running scrape for orlaosterby
2020-07-22 10:24:36,914 twint.get:User:'NoneType' object is not subscriptable
2020-07-22 10:24:37,509 Jul 22 2020 10:24: Running scrape for PSkipperEL
2020-07-22 10:24:37,817 twint.get:User:'NoneType' object is not subscriptable
2020-07-22 10:24:39,483 Jul 22 2020 10:24: Running scrape for MaiVilladsen
2020-07-22 10:24:39,795 twint.get:User:'NoneType' object is not subscriptable
2020-07-22 10:24:40,469 Jul 22 2020 10:24: Running scrape for pederhvelplund
2020-07-22 10:24:40,791 twint.get:User:'NoneType' object is not subscriptable
2020-07-22 10:24:41,582 Jul 22 2020 10:24: Running scrape for AlexVanopslagh
2020-07-22 10:24:41,891 twint.get:User:'NoneType' object is not subscriptable
2020-07-22 10:24:42,617 Jul 22 2020 10:24: Running scrape for olebirkolesen
2020-07-22 10:24:42,916 twint.get:User:'NoneType' object is not subscriptable
2020-07-22 10:24:43,907 Jul 22 2020 10:24: Running scrape for oestergaard
2020-07-22 10:24:44,218 twint.get:User:'NoneType' object is not subscriptable
2020-07-22 10:24:45,819 Jul 22 2020 10:24: Running scrape for IdaAuken
2020-07-22 10:24:46,124 twint.get:User:'NoneType' object is not subscriptable
2020-07-22 10:24:46,405 Jul 22 2020 10:24: Running scrape for stinuslindgreen
2020-07-22 10:24:46,722 twint.get:User:'NoneType' object is not subscriptable
2020-07-22 10:24:55,259 Jul 22 2020 10:24: Running scrape for PiaOlsen
2020-07-22 10:24:55,573 twint.get:User:'NoneType' object is not subscriptable
2020-07-22 10:24:57,239 Jul 22 2020 10:24: Running scrape for signe_munk
2020-07-22 10:24:57,544 twint.get:User:'NoneType' object is not subscriptable
2020-07-22 10:24:58,127 Jul 22 2020 10:24: Running scrape for JakobEllemann
2020-07-22 10:24:58,435 twint.get:User:'NoneType' object is not subscriptable
2020-07-22 10:24:59,265 Jul 22 2020 10:24: Running scrape for aahlers
2020-07-22 10:24:59,573 twint.get:User:'NoneType' object is not subscriptable
2020-07-22 10:25:00,179 Jul 22 2020 10:25: Running scrape for kimvalentinDK
2020-07-22 10:25:00,482 twint.get:User:'NoneType' object is not subscriptable
2020-07-22 10:25:00,750 Jul 22 2020 10:25: Running scrape for MogensJensenS
2020-07-22 10:25:01,069 twint.get:User:'NoneType' object is not subscriptable
2020-07-22 10:25:02,465 Jul 22 2020 10:25: Running scrape for DanJoergensen
2020-07-22 10:25:02,776 twint.get:User:'NoneType' object is not subscriptable
2020-07-22 10:25:04,380 Jul 22 2020 10:25: Running scrape for Paulin_Anne
2020-07-22 10:25:04,683 twint.get:User:'NoneType' object is not subscriptable
2020-07-22 10:25:05,286 Jul 22 2020 10:25: Running scrape for Rstoklund
2020-07-22 10:25:05,595 twint.get:User:'NoneType' object is not subscriptable
2020-07-22 10:25:07,657 Jul 22 2020 10:25: Running scrape for Isabella Arendt
2020-07-22 10:25:07,960 twint.get:User:'NoneType' object is not subscriptable
2020-07-22 10:25:08,243 Jul 22 2020 10:25: Running scrape for ammitzbollbille
2020-07-22 10:25:08,546 twint.get:User:'NoneType' object is not subscriptable
2020-07-22 10:25:18,832 Combining data...
2020-07-22 10:25:18,971 No data file for IdaAuken
2020-07-22 10:25:19,022 No data file for kimvalentinDK
2020-07-22 10:25:19,062 No data file for Isabella Arendt
2020-07-22 10:25:19,075 Exporting data...
2020-07-22 10:25:19,392 Removing temporary data files...
2020-07-22 10:25:19,393 Update complete!
2020-07-23 10:25:19,497 Jul 23 2020 10:25: Updating twitter data...
2020-07-23 10:25:19,497 Scraping profiles...
2020-07-23 10:25:19,497 Jul 23 2020 10:25: Running scrape for JosephineFock
2020-07-23 10:25:19,836 twint.get:User:'NoneType' object is not subscriptable
2020-07-23 10:25:20,097 Jul 23 2020 10:25: Running scrape for TorstenGejl
2020-07-23 10:25:20,398 twint.get:User:'NoneType' object is not subscriptable
2020-07-23 10:25:20,690 Jul 23 2020 10:25: Running scrape for Kristianthdahl
2020-07-23 10:25:20,994 twint.get:User:'NoneType' object is not subscriptable
2020-07-23 10:25:21,259 Jul 23 2020 10:25: Running scrape for MrMesserschmidt
2020-07-23 10:25:21,559 twint.get:User:'NoneType' object is not subscriptable
2020-07-23 10:25:22,150 Jul 23 2020 10:25: Running scrape for LiseBech
2020-07-23 10:25:22,459 twint.get:User:'NoneType' object is not subscriptable
2020-07-23 10:25:22,720 Jul 23 2020 10:25: Running scrape for SorenPape
2020-07-23 10:25:23,023 twint.get:User:'NoneType' object is not subscriptable
2020-07-23 10:25:23,293 Jul 23 2020 10:25: Running scrape for metteabildgaard
2020-07-23 10:25:23,598 twint.get:User:'NoneType' object is not subscriptable
2020-07-23 10:25:23,893 Jul 23 2020 10:25: Running scrape for orlaosterby
2020-07-23 10:25:24,213 twint.get:User:'NoneType' object is not subscriptable
2020-07-23 10:25:24,479 Jul 23 2020 10:25: Running scrape for PSkipperEL
2020-07-23 10:25:24,791 twint.get:User:'NoneType' object is not subscriptable
2020-07-23 10:25:25,056 Jul 23 2020 10:25: Running scrape for MaiVilladsen
2020-07-23 10:25:25,363 twint.get:User:'NoneType' object is not subscriptable
2020-07-23 10:25:25,622 Jul 23 2020 10:25: Running scrape for pederhvelplund
2020-07-23 10:25:25,928 twint.get:User:'NoneType' object is not subscriptable
2020-07-23 10:25:26,500 Jul 23 2020 10:25: Running scrape for AlexVanopslagh
2020-07-23 10:25:26,802 twint.get:User:'NoneType' object is not subscriptable
2020-07-23 10:25:27,378 Jul 23 2020 10:25: Running scrape for olebirkolesen
2020-07-23 10:25:27,688 twint.get:User:'NoneType' object is not subscriptable
2020-07-23 10:25:27,947 Jul 23 2020 10:25: Running scrape for oestergaard
2020-07-23 10:25:28,267 twint.get:User:'NoneType' object is not subscriptable
2020-07-23 10:25:28,526 Jul 23 2020 10:25: Running scrape for IdaAuken
2020-07-23 10:25:28,830 twint.get:User:'NoneType' object is not subscriptable
2020-07-23 10:25:29,090 Jul 23 2020 10:25: Running scrape for stinuslindgreen
2020-07-23 10:25:29,392 twint.get:User:'NoneType' object is not subscriptable
2020-07-23 10:25:29,649 Jul 23 2020 10:25: Running scrape for PiaOlsen
2020-07-23 10:25:29,962 twint.get:User:'NoneType' object is not subscriptable
2020-07-23 10:25:30,234 Jul 23 2020 10:25: Running scrape for signe_munk
2020-07-23 10:25:30,540 twint.get:User:'NoneType' object is not subscriptable
2020-07-23 10:25:30,829 Jul 23 2020 10:25: Running scrape for JakobEllemann
2020-07-23 10:25:31,133 twint.get:User:'NoneType' object is not subscriptable
2020-07-23 10:25:31,398 Jul 23 2020 10:25: Running scrape for aahlers
2020-07-23 10:25:31,709 twint.get:User:'NoneType' object is not subscriptable
2020-07-23 10:25:31,967 Jul 23 2020 10:25: Running scrape for kimvalentinDK
2020-07-23 10:25:32,275 twint.get:User:'NoneType' object is not subscriptable
2020-07-23 10:25:32,529 Jul 23 2020 10:25: Running scrape for MogensJensenS
2020-07-23 10:25:32,824 twint.get:User:'NoneType' object is not subscriptable
2020-07-23 10:25:33,090 Jul 23 2020 10:25: Running scrape for DanJoergensen
2020-07-23 10:25:33,401 twint.get:User:'NoneType' object is not subscriptable
2020-07-23 10:25:33,973 Jul 23 2020 10:25: Running scrape for Paulin_Anne
2020-07-23 10:25:34,279 twint.get:User:'NoneType' object is not subscriptable
2020-07-23 10:25:34,556 Jul 23 2020 10:25: Running scrape for Rstoklund
2020-07-23 10:25:34,865 twint.get:User:'NoneType' object is not subscriptable
2020-07-23 10:25:35,123 Jul 23 2020 10:25: Running scrape for Isabella Arendt
2020-07-23 10:25:35,432 twint.get:User:'NoneType' object is not subscriptable
2020-07-23 10:25:35,690 Jul 23 2020 10:25: Running scrape for ammitzbollbille
2020-07-23 10:25:35,993 twint.get:User:'NoneType' object is not subscriptable
2020-07-23 10:25:36,264 Combining data...
2020-07-23 10:25:36,269 No data file for JosephineFock
2020-07-23 10:25:36,270 No data file for TorstenGejl
2020-07-23 10:25:36,270 No data file for Kristianthdahl
2020-07-23 10:25:36,279 No data file for LiseBech
2020-07-23 10:25:36,279 No data file for SorenPape
2020-07-23 10:25:36,279 No data file for metteabildgaard
2020-07-23 10:25:36,280 No data file for orlaosterby
2020-07-23 10:25:36,280 No data file for PSkipperEL
2020-07-23 10:25:36,280 No data file for MaiVilladsen
2020-07-23 10:25:36,299 No data file for olebirkolesen
2020-07-23 10:25:36,299 No data file for oestergaard
2020-07-23 10:25:36,299 No data file for IdaAuken
2020-07-23 10:25:36,299 No data file for stinuslindgreen
2020-07-23 10:25:36,299 No data file for PiaOlsen
2020-07-23 10:25:36,300 No data file for signe_munk
2020-07-23 10:25:36,300 No data file for JakobEllemann
2020-07-23 10:25:36,301 No data file for aahlers
2020-07-23 10:25:36,301 No data file for kimvalentinDK
2020-07-23 10:25:36,301 No data file for MogensJensenS
2020-07-23 10:25:36,312 No data file for Paulin_Anne
2020-07-23 10:25:36,312 No data file for Rstoklund
2020-07-23 10:25:36,312 No data file for Isabella Arendt
2020-07-23 10:25:36,312 No data file for ammitzbollbille
2020-07-23 10:25:36,312 Exporting data...
2020-07-23 10:25:36,634 Removing temporary data files...
2020-07-23 10:25:36,635 Update complete!
2020-07-24 10:25:36,739 Jul 24 2020 10:25: Updating twitter data...
2020-07-24 10:25:36,740 Scraping profiles...
2020-07-24 10:25:36,740 Jul 24 2020 10:25: Running scrape for JosephineFock
2020-07-24 10:25:37,058 twint.get:User:'NoneType' object is not subscriptable
2020-07-24 10:25:37,325 Jul 24 2020 10:25: Running scrape for TorstenGejl
2020-07-24 10:25:37,631 twint.get:User:'NoneType' object is not subscriptable
2020-07-24 10:25:37,906 Jul 24 2020 10:25: Running scrape for Kristianthdahl
2020-07-24 10:25:38,215 twint.get:User:'NoneType' object is not subscriptable
2020-07-24 10:25:38,800 Jul 24 2020 10:25: Running scrape for MrMesserschmidt
2020-07-24 10:25:39,102 twint.get:User:'NoneType' object is not subscriptable
2020-07-24 10:25:39,771 Jul 24 2020 10:25: Running scrape for LiseBech
2020-07-24 10:25:40,085 twint.get:User:'NoneType' object is not subscriptable
2020-07-24 10:25:40,339 Jul 24 2020 10:25: Running scrape for SorenPape
2020-07-24 10:25:40,636 twint.get:User:'NoneType' object is not subscriptable
2020-07-24 10:25:40,889 Jul 24 2020 10:25: Running scrape for metteabildgaard
2020-07-24 10:25:41,196 twint.get:User:'NoneType' object is not subscriptable
2020-07-24 10:25:41,470 Jul 24 2020 10:25: Running scrape for orlaosterby
2020-07-24 10:25:41,786 twint.get:User:'NoneType' object is not subscriptable
2020-07-24 10:25:42,050 Jul 24 2020 10:25: Running scrape for PSkipperEL
2020-07-24 10:25:42,362 twint.get:User:'NoneType' object is not subscriptable
2020-07-24 10:25:42,626 Jul 24 2020 10:25: Running scrape for MaiVilladsen
2020-07-24 10:25:42,942 twint.get:User:'NoneType' object is not subscriptable
2020-07-24 10:25:43,258 Jul 24 2020 10:25: Running scrape for pederhvelplund
2020-07-24 10:25:43,553 twint.get:User:'NoneType' object is not subscriptable
2020-07-24 10:25:44,124 Jul 24 2020 10:25: Running scrape for AlexVanopslagh
2020-07-24 10:25:44,424 twint.get:User:'NoneType' object is not subscriptable
2020-07-24 10:25:44,986 Jul 24 2020 10:25: Running scrape for olebirkolesen
2020-07-24 10:25:45,285 twint.get:User:'NoneType' object is not subscriptable
2020-07-24 10:25:45,853 Jul 24 2020 10:25: Running scrape for oestergaard
2020-07-24 10:25:46,155 twint.get:User:'NoneType' object is not subscriptable
2020-07-24 10:25:46,702 Jul 24 2020 10:25: Running scrape for IdaAuken
2020-07-24 10:25:47,013 twint.get:User:'NoneType' object is not subscriptable
2020-07-24 10:25:47,274 Jul 24 2020 10:25: Running scrape for stinuslindgreen
2020-07-24 10:25:47,580 twint.get:User:'NoneType' object is not subscriptable
2020-07-24 10:25:48,245 Jul 24 2020 10:25: Running scrape for PiaOlsen
2020-07-24 10:25:48,565 twint.get:User:'NoneType' object is not subscriptable
2020-07-24 10:25:48,831 Jul 24 2020 10:25: Running scrape for signe_munk
2020-07-24 10:25:49,140 twint.get:User:'NoneType' object is not subscriptable
2020-07-24 10:25:49,417 Jul 24 2020 10:25: Running scrape for JakobEllemann
2020-07-24 10:25:49,720 twint.get:User:'NoneType' object is not subscriptable
2020-07-24 10:25:50,037 Jul 24 2020 10:25: Running scrape for aahlers
2020-07-24 10:25:50,336 twint.get:User:'NoneType' object is not subscriptable
2020-07-24 10:25:50,595 Jul 24 2020 10:25: Running scrape for kimvalentinDK
2020-07-24 10:25:50,897 twint.get:User:'NoneType' object is not subscriptable
2020-07-24 10:25:51,164 Jul 24 2020 10:25: Running scrape for MogensJensenS
2020-07-24 10:25:51,481 twint.get:User:'NoneType' object is not subscriptable
2020-07-24 10:25:51,731 Jul 24 2020 10:25: Running scrape for DanJoergensen
2020-07-24 10:25:52,035 twint.get:User:'NoneType' object is not subscriptable
2020-07-24 10:25:52,294 Jul 24 2020 10:25: Running scrape for Paulin_Anne
2020-07-24 10:25:52,599 twint.get:User:'NoneType' object is not subscriptable
2020-07-24 10:25:52,857 Jul 24 2020 10:25: Running scrape for Rstoklund
2020-07-24 10:25:53,158 twint.get:User:'NoneType' object is not subscriptable
2020-07-24 10:25:53,417 Jul 24 2020 10:25: Running scrape for Isabella Arendt
2020-07-24 10:25:53,727 twint.get:User:'NoneType' object is not subscriptable
2020-07-24 10:25:54,018 Jul 24 2020 10:25: Running scrape for ammitzbollbille
2020-07-24 10:25:54,322 twint.get:User:'NoneType' object is not subscriptable
2020-07-24 10:25:54,665 Combining data...
2020-07-24 10:25:54,670 No data file for JosephineFock
2020-07-24 10:25:54,670 No data file for TorstenGejl
2020-07-24 10:25:54,687 No data file for LiseBech
2020-07-24 10:25:54,687 No data file for SorenPape
2020-07-24 10:25:54,687 No data file for metteabildgaard
2020-07-24 10:25:54,687 No data file for orlaosterby
2020-07-24 10:25:54,688 No data file for PSkipperEL
2020-07-24 10:25:54,688 No data file for MaiVilladsen
2020-07-24 10:25:54,723 No data file for IdaAuken
2020-07-24 10:25:54,733 No data file for PiaOlsen
2020-07-24 10:25:54,733 No data file for signe_munk
2020-07-24 10:25:54,733 No data file for JakobEllemann
2020-07-24 10:25:54,733 No data file for aahlers
2020-07-24 10:25:54,733 No data file for kimvalentinDK
2020-07-24 10:25:54,733 No data file for MogensJensenS
2020-07-24 10:25:54,734 No data file for DanJoergensen
2020-07-24 10:25:54,734 No data file for Paulin_Anne
2020-07-24 10:25:54,734 No data file for Rstoklund
2020-07-24 10:25:54,734 No data file for Isabella Arendt
2020-07-24 10:25:54,734 No data file for ammitzbollbille
2020-07-24 10:25:54,734 Exporting data...
2020-07-24 10:25:55,053 Removing temporary data files...
2020-07-24 10:25:55,054 Update complete!
2020-07-25 10:25:55,078 Jul 25 2020 10:25: Updating twitter data...
2020-07-25 10:25:55,078 Scraping profiles...
2020-07-25 10:25:55,078 Jul 25 2020 10:25: Running scrape for JosephineFock
2020-07-25 10:25:55,416 twint.get:User:'NoneType' object is not subscriptable
2020-07-25 10:25:55,686 Jul 25 2020 10:25: Running scrape for TorstenGejl
2020-07-25 10:25:55,997 twint.get:User:'NoneType' object is not subscriptable
2020-07-25 10:25:56,256 Jul 25 2020 10:25: Running scrape for Kristianthdahl
2020-07-25 10:25:56,568 twint.get:User:'NoneType' object is not subscriptable
2020-07-25 10:25:56,844 Jul 25 2020 10:25: Running scrape for MrMesserschmidt
2020-07-25 10:25:57,152 twint.get:User:'NoneType' object is not subscriptable
2020-07-25 10:25:57,716 Jul 25 2020 10:25: Running scrape for LiseBech
2020-07-25 10:25:58,021 twint.get:User:'NoneType' object is not subscriptable
2020-07-25 10:25:58,290 Jul 25 2020 10:25: Running scrape for SorenPape
2020-07-25 10:25:58,595 twint.get:User:'NoneType' object is not subscriptable
2020-07-25 10:25:58,859 Jul 25 2020 10:25: Running scrape for metteabildgaard
2020-07-25 10:25:59,162 twint.get:User:'NoneType' object is not subscriptable
2020-07-25 10:25:59,788 Jul 25 2020 10:25: Running scrape for orlaosterby
2020-07-25 10:26:00,084 twint.get:User:'NoneType' object is not subscriptable
2020-07-25 10:26:00,354 Jul 25 2020 10:26: Running scrape for PSkipperEL
2020-07-25 10:26:00,666 twint.get:User:'NoneType' object is not subscriptable
2020-07-25 10:26:00,917 Jul 25 2020 10:26: Running scrape for MaiVilladsen
2020-07-25 10:26:01,220 twint.get:User:'NoneType' object is not subscriptable
2020-07-25 10:26:01,484 Jul 25 2020 10:26: Running scrape for pederhvelplund
2020-07-25 10:26:01,798 twint.get:User:'NoneType' object is not subscriptable
2020-07-25 10:26:02,096 Jul 25 2020 10:26: Running scrape for AlexVanopslagh
2020-07-25 10:26:02,408 twint.get:User:'NoneType' object is not subscriptable
2020-07-25 10:26:02,668 Jul 25 2020 10:26: Running scrape for olebirkolesen
2020-07-25 10:26:02,974 twint.get:User:'NoneType' object is not subscriptable
2020-07-25 10:26:03,643 Jul 25 2020 10:26: Running scrape for oestergaard
2020-07-25 10:26:03,951 twint.get:User:'NoneType' object is not subscriptable
2020-07-25 10:26:04,529 Jul 25 2020 10:26: Running scrape for IdaAuken
2020-07-25 10:26:04,842 twint.get:User:'NoneType' object is not subscriptable
2020-07-25 10:26:05,101 Jul 25 2020 10:26: Running scrape for stinuslindgreen
2020-07-25 10:26:05,405 twint.get:User:'NoneType' object is not subscriptable
2020-07-25 10:26:06,021 Jul 25 2020 10:26: Running scrape for PiaOlsen
2020-07-25 10:26:06,326 twint.get:User:'NoneType' object is not subscriptable
2020-07-25 10:26:06,948 Jul 25 2020 10:26: Running scrape for signe_munk
2020-07-25 10:26:07,265 twint.get:User:'NoneType' object is not subscriptable
2020-07-25 10:26:07,527 Jul 25 2020 10:26: Running scrape for JakobEllemann
2020-07-25 10:26:07,833 twint.get:User:'NoneType' object is not subscriptable
2020-07-25 10:26:08,102 Jul 25 2020 10:26: Running scrape for aahlers
2020-07-25 10:26:08,418 twint.get:User:'NoneType' object is not subscriptable
2020-07-25 10:26:08,675 Jul 25 2020 10:26: Running scrape for kimvalentinDK
2020-07-25 10:26:08,982 twint.get:User:'NoneType' object is not subscriptable
2020-07-25 10:26:09,241 Jul 25 2020 10:26: Running scrape for MogensJensenS
2020-07-25 10:26:09,553 twint.get:User:'NoneType' object is not subscriptable
2020-07-25 10:26:09,813 Jul 25 2020 10:26: Running scrape for DanJoergensen
2020-07-25 10:26:10,121 twint.get:User:'NoneType' object is not subscriptable
2020-07-25 10:26:10,381 Jul 25 2020 10:26: Running scrape for Paulin_Anne
2020-07-25 10:26:10,697 twint.get:User:'NoneType' object is not subscriptable
2020-07-25 10:26:10,965 Jul 25 2020 10:26: Running scrape for Rstoklund
2020-07-25 10:26:11,304 twint.get:User:'NoneType' object is not subscriptable
2020-07-25 10:26:11,892 Jul 25 2020 10:26: Running scrape for Isabella Arendt
2020-07-25 10:26:12,195 twint.get:User:'NoneType' object is not subscriptable
2020-07-25 10:26:12,466 Jul 25 2020 10:26: Running scrape for ammitzbollbille
2020-07-25 10:26:12,770 twint.get:User:'NoneType' object is not subscriptable
2020-07-25 10:26:13,372 Combining data...
2020-07-25 10:26:13,378 No data file for JosephineFock
2020-07-25 10:26:13,378 No data file for TorstenGejl
2020-07-25 10:26:13,379 No data file for Kristianthdahl
2020-07-25 10:26:13,387 No data file for LiseBech
2020-07-25 10:26:13,387 No data file for SorenPape
2020-07-25 10:26:13,397 No data file for orlaosterby
2020-07-25 10:26:13,397 No data file for PSkipperEL
2020-07-25 10:26:13,397 No data file for MaiVilladsen
2020-07-25 10:26:13,397 No data file for pederhvelplund
2020-07-25 10:26:13,398 No data file for AlexVanopslagh
2020-07-25 10:26:13,416 No data file for IdaAuken
2020-07-25 10:26:13,434 No data file for signe_munk
2020-07-25 10:26:13,434 No data file for JakobEllemann
2020-07-25 10:26:13,434 No data file for aahlers
2020-07-25 10:26:13,434 No data file for kimvalentinDK
2020-07-25 10:26:13,435 No data file for MogensJensenS
2020-07-25 10:26:13,435 No data file for DanJoergensen
2020-07-25 10:26:13,435 No data file for Paulin_Anne
2020-07-25 10:26:13,444 No data file for Isabella Arendt
2020-07-25 10:26:13,453 Exporting data...
2020-07-25 10:26:13,768 Removing temporary data files...
2020-07-25 10:26:13,768 Update complete!
2020-07-26 10:26:13,849 Jul 26 2020 10:26: Updating twitter data...
2020-07-26 10:26:13,850 Scraping profiles...
2020-07-26 10:26:13,850 Jul 26 2020 10:26: Running scrape for JosephineFock
2020-07-26 10:26:14,185 twint.get:User:'NoneType' object is not subscriptable
2020-07-26 10:26:14,436 Jul 26 2020 10:26: Running scrape for TorstenGejl
2020-07-26 10:26:14,741 twint.get:User:'NoneType' object is not subscriptable
2020-07-26 10:26:15,003 Jul 26 2020 10:26: Running scrape for Kristianthdahl
2020-07-26 10:26:15,314 twint.get:User:'NoneType' object is not subscriptable
2020-07-26 10:26:15,869 Jul 26 2020 10:26: Running scrape for MrMesserschmidt
2020-07-26 10:26:16,176 twint.get:User:'NoneType' object is not subscriptable
2020-07-26 10:26:16,788 Jul 26 2020 10:26: Running scrape for LiseBech
2020-07-26 10:26:17,088 twint.get:User:'NoneType' object is not subscriptable
2020-07-26 10:26:17,354 Jul 26 2020 10:26: Running scrape for SorenPape
2020-07-26 10:26:17,661 twint.get:User:'NoneType' object is not subscriptable
2020-07-26 10:26:17,916 Jul 26 2020 10:26: Running scrape for metteabildgaard
2020-07-26 10:26:18,219 twint.get:User:'NoneType' object is not subscriptable
2020-07-26 10:26:18,792 Jul 26 2020 10:26: Running scrape for orlaosterby
2020-07-26 10:26:19,090 twint.get:User:'NoneType' object is not subscriptable
2020-07-26 10:26:19,348 Jul 26 2020 10:26: Running scrape for PSkipperEL
2020-07-26 10:26:19,650 twint.get:User:'NoneType' object is not subscriptable
2020-07-26 10:26:20,215 Jul 26 2020 10:26: Running scrape for MaiVilladsen
2020-07-26 10:26:20,519 twint.get:User:'NoneType' object is not subscriptable
2020-07-26 10:26:20,802 Jul 26 2020 10:26: Running scrape for pederhvelplund
2020-07-26 10:26:21,102 twint.get:User:'NoneType' object is not subscriptable
2020-07-26 10:26:21,362 Jul 26 2020 10:26: Running scrape for AlexVanopslagh
2020-07-26 10:26:21,673 twint.get:User:'NoneType' object is not subscriptable
2020-07-26 10:26:21,924 Jul 26 2020 10:26: Running scrape for olebirkolesen
2020-07-26 10:26:22,234 twint.get:User:'NoneType' object is not subscriptable
2020-07-26 10:26:22,486 Jul 26 2020 10:26: Running scrape for oestergaard
2020-07-26 10:26:22,789 twint.get:User:'NoneType' object is not subscriptable
2020-07-26 10:26:23,048 Jul 26 2020 10:26: Running scrape for IdaAuken
2020-07-26 10:26:23,364 twint.get:User:'NoneType' object is not subscriptable
2020-07-26 10:26:23,653 Jul 26 2020 10:26: Running scrape for stinuslindgreen
2020-07-26 10:26:23,960 twint.get:User:'NoneType' object is not subscriptable
2020-07-26 10:26:24,642 Jul 26 2020 10:26: Running scrape for PiaOlsen
2020-07-26 10:26:24,954 twint.get:User:'NoneType' object is not subscriptable
2020-07-26 10:26:25,215 Jul 26 2020 10:26: Running scrape for signe_munk
2020-07-26 10:26:25,521 twint.get:User:'NoneType' object is not subscriptable
2020-07-26 10:26:25,774 Jul 26 2020 10:26: Running scrape for JakobEllemann
2020-07-26 10:26:26,085 twint.get:User:'NoneType' object is not subscriptable
2020-07-26 10:26:26,688 Jul 26 2020 10:26: Running scrape for aahlers
2020-07-26 10:26:26,986 twint.get:User:'NoneType' object is not subscriptable
2020-07-26 10:26:27,242 Jul 26 2020 10:26: Running scrape for kimvalentinDK
2020-07-26 10:26:27,542 twint.get:User:'NoneType' object is not subscriptable
2020-07-26 10:26:27,810 Jul 26 2020 10:26: Running scrape for MogensJensenS
2020-07-26 10:26:28,117 twint.get:User:'NoneType' object is not subscriptable
2020-07-26 10:26:28,373 Jul 26 2020 10:26: Running scrape for DanJoergensen
2020-07-26 10:26:28,688 twint.get:User:'NoneType' object is not subscriptable
2020-07-26 10:26:28,950 Jul 26 2020 10:26: Running scrape for Paulin_Anne
2020-07-26 10:26:29,261 twint.get:User:'NoneType' object is not subscriptable
2020-07-26 10:26:29,527 Jul 26 2020 10:26: Running scrape for Rstoklund
2020-07-26 10:26:29,822 twint.get:User:'NoneType' object is not subscriptable
2020-07-26 10:26:30,400 Jul 26 2020 10:26: Running scrape for Isabella Arendt
2020-07-26 10:26:30,716 twint.get:User:'NoneType' object is not subscriptable
2020-07-26 10:26:30,976 Jul 26 2020 10:26: Running scrape for ammitzbollbille
2020-07-26 10:26:31,308 twint.get:User:'NoneType' object is not subscriptable
2020-07-26 10:26:31,890 Combining data...
2020-07-26 10:26:31,895 No data file for JosephineFock
2020-07-26 10:26:31,895 No data file for TorstenGejl
2020-07-26 10:26:31,912 No data file for LiseBech
2020-07-26 10:26:31,913 No data file for SorenPape
2020-07-26 10:26:31,922 No data file for orlaosterby
2020-07-26 10:26:31,931 No data file for MaiVilladsen
2020-07-26 10:26:31,931 No data file for pederhvelplund
2020-07-26 10:26:31,931 No data file for AlexVanopslagh
2020-07-26 10:26:31,931 No data file for olebirkolesen
2020-07-26 10:26:31,932 No data file for oestergaard
2020-07-26 10:26:31,932 No data file for IdaAuken
2020-07-26 10:26:31,941 No data file for PiaOlsen
2020-07-26 10:26:31,941 No data file for signe_munk
2020-07-26 10:26:31,950 No data file for aahlers
2020-07-26 10:26:31,950 No data file for kimvalentinDK
2020-07-26 10:26:31,950 No data file for MogensJensenS
2020-07-26 10:26:31,950 No data file for DanJoergensen
2020-07-26 10:26:31,951 No data file for Paulin_Anne
2020-07-26 10:26:31,960 No data file for Isabella Arendt
2020-07-26 10:26:31,969 Exporting data...
2020-07-26 10:26:32,284 Removing temporary data files...
2020-07-26 10:26:32,285 Update complete!
2020-07-27 10:26:32,309 Jul 27 2020 10:26: Updating twitter data...
2020-07-27 10:26:32,310 Scraping profiles...
2020-07-27 10:26:32,310 Jul 27 2020 10:26: Running scrape for JosephineFock
2020-07-27 10:26:32,633 twint.get:User:'NoneType' object is not subscriptable
2020-07-27 10:26:32,911 Jul 27 2020 10:26: Running scrape for TorstenGejl
2020-07-27 10:26:33,225 twint.get:User:'NoneType' object is not subscriptable
2020-07-27 10:26:33,484 Jul 27 2020 10:26: Running scrape for Kristianthdahl
2020-07-27 10:26:33,793 twint.get:User:'NoneType' object is not subscriptable
2020-07-27 10:26:34,047 Jul 27 2020 10:26: Running scrape for MrMesserschmidt
2020-07-27 10:26:34,355 twint.get:User:'NoneType' object is not subscriptable
2020-07-27 10:26:34,612 Jul 27 2020 10:26: Running scrape for LiseBech
2020-07-27 10:26:34,923 twint.get:User:'NoneType' object is not subscriptable
2020-07-27 10:26:35,180 Jul 27 2020 10:26: Running scrape for SorenPape
2020-07-27 10:26:35,493 twint.get:User:'NoneType' object is not subscriptable
2020-07-27 10:26:35,742 Jul 27 2020 10:26: Running scrape for metteabildgaard
2020-07-27 10:26:36,061 twint.get:User:'NoneType' object is not subscriptable
2020-07-27 10:26:36,622 Jul 27 2020 10:26: Running scrape for orlaosterby
2020-07-27 10:26:36,931 twint.get:User:'NoneType' object is not subscriptable
2020-07-27 10:26:37,199 Jul 27 2020 10:26: Running scrape for PSkipperEL
2020-07-27 10:26:37,506 twint.get:User:'NoneType' object is not subscriptable
2020-07-27 10:26:37,773 Jul 27 2020 10:26: Running scrape for MaiVilladsen
2020-07-27 10:26:38,077 twint.get:User:'NoneType' object is not subscriptable
2020-07-27 10:26:38,336 Jul 27 2020 10:26: Running scrape for pederhvelplund
2020-07-27 10:26:38,641 twint.get:User:'NoneType' object is not subscriptable
2020-07-27 10:26:38,900 Jul 27 2020 10:26: Running scrape for AlexVanopslagh
2020-07-27 10:26:39,221 twint.get:User:'NoneType' object is not subscriptable
2020-07-27 10:26:39,486 Jul 27 2020 10:26: Running scrape for olebirkolesen
2020-07-27 10:26:39,794 twint.get:User:'NoneType' object is not subscriptable
2020-07-27 10:26:40,062 Jul 27 2020 10:26: Running scrape for oestergaard
2020-07-27 10:26:40,366 twint.get:User:'NoneType' object is not subscriptable
2020-07-27 10:26:41,120 Jul 27 2020 10:26: Running scrape for IdaAuken
2020-07-27 10:26:41,419 twint.get:User:'NoneType' object is not subscriptable
2020-07-27 10:26:41,684 Jul 27 2020 10:26: Running scrape for stinuslindgreen
2020-07-27 10:26:41,994 twint.get:User:'NoneType' object is not subscriptable
2020-07-27 10:26:42,611 Jul 27 2020 10:26: Running scrape for PiaOlsen
2020-07-27 10:26:42,922 twint.get:User:'NoneType' object is not subscriptable
2020-07-27 10:26:43,475 Jul 27 2020 10:26: Running scrape for signe_munk
2020-07-27 10:26:43,789 twint.get:User:'NoneType' object is not subscriptable
2020-07-27 10:26:44,048 Jul 27 2020 10:26: Running scrape for JakobEllemann
2020-07-27 10:26:44,352 twint.get:User:'NoneType' object is not subscriptable
2020-07-27 10:26:44,616 Jul 27 2020 10:26: Running scrape for aahlers
2020-07-27 10:26:44,926 twint.get:User:'NoneType' object is not subscriptable
2020-07-27 10:26:45,198 Jul 27 2020 10:26: Running scrape for kimvalentinDK
2020-07-27 10:26:45,512 twint.get:User:'NoneType' object is not subscriptable
2020-07-27 10:26:45,776 Jul 27 2020 10:26: Running scrape for MogensJensenS
2020-07-27 10:26:46,081 twint.get:User:'NoneType' object is not subscriptable
2020-07-27 10:26:46,345 Jul 27 2020 10:26: Running scrape for DanJoergensen
2020-07-27 10:26:46,652 twint.get:User:'NoneType' object is not subscriptable
2020-07-27 10:26:47,294 Jul 27 2020 10:26: Running scrape for Paulin_Anne
2020-07-27 10:26:47,590 twint.get:User:'NoneType' object is not subscriptable
2020-07-27 10:26:47,850 Jul 27 2020 10:26: Running scrape for Rstoklund
2020-07-27 10:26:48,161 twint.get:User:'NoneType' object is not subscriptable
2020-07-27 10:26:48,778 Jul 27 2020 10:26: Running scrape for Isabella Arendt
2020-07-27 10:26:49,092 twint.get:User:'NoneType' object is not subscriptable
2020-07-27 10:26:49,443 Jul 27 2020 10:26: Running scrape for ammitzbollbille
2020-07-27 10:26:49,754 twint.get:User:'NoneType' object is not subscriptable
2020-07-27 10:26:50,010 Combining data...
2020-07-27 10:26:50,015 No data file for JosephineFock
2020-07-27 10:26:50,015 No data file for TorstenGejl
2020-07-27 10:26:50,015 No data file for Kristianthdahl
2020-07-27 10:26:50,015 No data file for MrMesserschmidt
2020-07-27 10:26:50,016 No data file for LiseBech
2020-07-27 10:26:50,016 No data file for SorenPape
2020-07-27 10:26:50,024 No data file for orlaosterby
2020-07-27 10:26:50,024 No data file for PSkipperEL
2020-07-27 10:26:50,025 No data file for MaiVilladsen
2020-07-27 10:26:50,025 No data file for pederhvelplund
2020-07-27 10:26:50,025 No data file for AlexVanopslagh
2020-07-27 10:26:50,025 No data file for olebirkolesen
2020-07-27 10:26:50,034 No data file for IdaAuken
2020-07-27 10:26:50,052 No data file for signe_munk
2020-07-27 10:26:50,052 No data file for JakobEllemann
2020-07-27 10:26:50,052 No data file for aahlers
2020-07-27 10:26:50,052 No data file for kimvalentinDK
2020-07-27 10:26:50,053 No data file for MogensJensenS
2020-07-27 10:26:50,062 No data file for Paulin_Anne
2020-07-27 10:26:50,071 No data file for Isabella Arendt
2020-07-27 10:26:50,071 No data file for ammitzbollbille
2020-07-27 10:26:50,071 Exporting data...
2020-07-27 10:26:50,386 Removing temporary data files...
2020-07-27 10:26:50,387 Update complete!
2020-07-28 10:26:50,490 Jul 28 2020 10:26: Updating twitter data...
2020-07-28 10:26:50,491 Scraping profiles...
2020-07-28 10:26:50,491 Jul 28 2020 10:26: Running scrape for JosephineFock
2020-07-28 10:26:50,805 twint.get:User:'NoneType' object is not subscriptable
2020-07-28 10:26:51,112 Jul 28 2020 10:26: Running scrape for TorstenGejl
2020-07-28 10:26:51,427 twint.get:User:'NoneType' object is not subscriptable
2020-07-28 10:26:51,691 Jul 28 2020 10:26: Running scrape for Kristianthdahl
2020-07-28 10:26:51,995 twint.get:User:'NoneType' object is not subscriptable
2020-07-28 10:26:52,258 Jul 28 2020 10:26: Running scrape for MrMesserschmidt
2020-07-28 10:26:52,572 twint.get:User:'NoneType' object is not subscriptable
2020-07-28 10:26:53,173 Jul 28 2020 10:26: Running scrape for LiseBech
2020-07-28 10:26:53,481 twint.get:User:'NoneType' object is not subscriptable
2020-07-28 10:26:53,733 Jul 28 2020 10:26: Running scrape for SorenPape
2020-07-28 10:26:54,034 twint.get:User:'NoneType' object is not subscriptable
2020-07-28 10:26:54,294 Jul 28 2020 10:26: Running scrape for metteabildgaard
2020-07-28 10:26:54,604 twint.get:User:'NoneType' object is not subscriptable
2020-07-28 10:26:55,233 Jul 28 2020 10:26: Running scrape for orlaosterby
2020-07-28 10:26:55,531 twint.get:User:'NoneType' object is not subscriptable
2020-07-28 10:26:55,792 Jul 28 2020 10:26: Running scrape for PSkipperEL
2020-07-28 10:26:56,099 twint.get:User:'NoneType' object is not subscriptable
2020-07-28 10:26:56,357 Jul 28 2020 10:26: Running scrape for MaiVilladsen
2020-07-28 10:26:56,672 twint.get:User:'NoneType' object is not subscriptable
2020-07-28 10:26:57,277 Jul 28 2020 10:26: Running scrape for pederhvelplund
2020-07-28 10:26:57,590 twint.get:User:'NoneType' object is not subscriptable
2020-07-28 10:26:57,856 Jul 28 2020 10:26: Running scrape for AlexVanopslagh
2020-07-28 10:26:58,173 twint.get:User:'NoneType' object is not subscriptable
2020-07-28 10:26:58,434 Jul 28 2020 10:26: Running scrape for olebirkolesen
2020-07-28 10:26:58,753 twint.get:User:'NoneType' object is not subscriptable
2020-07-28 10:26:59,014 Jul 28 2020 10:26: Running scrape for oestergaard
2020-07-28 10:26:59,328 twint.get:User:'NoneType' object is not subscriptable
2020-07-28 10:26:59,917 Jul 28 2020 10:26: Running scrape for IdaAuken
2020-07-28 10:27:00,240 twint.get:User:'NoneType' object is not subscriptable
2020-07-28 10:27:00,508 Jul 28 2020 10:27: Running scrape for stinuslindgreen
2020-07-28 10:27:00,826 twint.get:User:'NoneType' object is not subscriptable
2020-07-28 10:27:01,465 Jul 28 2020 10:27: Running scrape for PiaOlsen
2020-07-28 10:27:01,788 twint.get:User:'NoneType' object is not subscriptable
2020-07-28 10:27:02,397 Jul 28 2020 10:27: Running scrape for signe_munk
2020-07-28 10:27:02,704 twint.get:User:'NoneType' object is not subscriptable
2020-07-28 10:27:03,297 Jul 28 2020 10:27: Running scrape for JakobEllemann
2020-07-28 10:27:03,617 twint.get:User:'NoneType' object is not subscriptable
2020-07-28 10:27:03,879 Jul 28 2020 10:27: Running scrape for aahlers
2020-07-28 10:27:04,196 twint.get:User:'NoneType' object is not subscriptable
2020-07-28 10:27:04,773 Jul 28 2020 10:27: Running scrape for kimvalentinDK
2020-07-28 10:27:05,081 twint.get:User:'NoneType' object is not subscriptable
2020-07-28 10:27:05,352 Jul 28 2020 10:27: Running scrape for MogensJensenS
2020-07-28 10:27:05,664 twint.get:User:'NoneType' object is not subscriptable
2020-07-28 10:27:05,938 Jul 28 2020 10:27: Running scrape for DanJoergensen
2020-07-28 10:27:06,309 twint.get:User:'NoneType' object is not subscriptable
2020-07-28 10:27:06,892 Jul 28 2020 10:27: Running scrape for Paulin_Anne
2020-07-28 10:27:07,192 twint.get:User:'NoneType' object is not subscriptable
2020-07-28 10:27:07,459 Jul 28 2020 10:27: Running scrape for Rstoklund
2020-07-28 10:27:07,769 twint.get:User:'NoneType' object is not subscriptable
2020-07-28 10:27:08,034 Jul 28 2020 10:27: Running scrape for Isabella Arendt
2020-07-28 10:27:08,359 twint.get:User:'NoneType' object is not subscriptable
2020-07-28 10:27:08,616 Jul 28 2020 10:27: Running scrape for ammitzbollbille
2020-07-28 10:27:08,938 twint.get:User:'NoneType' object is not subscriptable
2020-07-28 10:27:10,138 Combining data...
2020-07-28 10:27:10,143 No data file for JosephineFock
2020-07-28 10:27:10,144 No data file for TorstenGejl
2020-07-28 10:27:10,144 No data file for Kristianthdahl
2020-07-28 10:27:10,152 No data file for LiseBech
2020-07-28 10:27:10,153 No data file for SorenPape
2020-07-28 10:27:10,162 No data file for orlaosterby
2020-07-28 10:27:10,162 No data file for PSkipperEL
2020-07-28 10:27:10,171 No data file for pederhvelplund
2020-07-28 10:27:10,171 No data file for AlexVanopslagh
2020-07-28 10:27:10,171 No data file for olebirkolesen
2020-07-28 10:27:10,180 No data file for IdaAuken
2020-07-28 10:27:10,207 No data file for JakobEllemann
2020-07-28 10:27:10,218 No data file for kimvalentinDK
2020-07-28 10:27:10,219 No data file for MogensJensenS
2020-07-28 10:27:10,230 No data file for Paulin_Anne
2020-07-28 10:27:10,230 No data file for Rstoklund
2020-07-28 10:27:10,230 No data file for Isabella Arendt
2020-07-28 10:27:10,241 Exporting data...
2020-07-28 10:27:10,586 Removing temporary data files...
2020-07-28 10:27:10,586 Update complete!
2020-07-29 10:27:10,690 Jul 29 2020 10:27: Updating twitter data...
2020-07-29 10:27:10,690 Scraping profiles...
2020-07-29 10:27:10,690 Jul 29 2020 10:27: Running scrape for JosephineFock
2020-07-29 10:27:11,005 twint.get:User:'NoneType' object is not subscriptable
2020-07-29 10:27:11,572 Jul 29 2020 10:27: Running scrape for TorstenGejl
2020-07-29 10:27:11,882 twint.get:User:'NoneType' object is not subscriptable
2020-07-29 10:27:12,140 Jul 29 2020 10:27: Running scrape for Kristianthdahl
2020-07-29 10:27:12,528 twint.get:User:'NoneType' object is not subscriptable
2020-07-29 10:27:13,106 Jul 29 2020 10:27: Running scrape for MrMesserschmidt
2020-07-29 10:27:13,416 twint.get:User:'NoneType' object is not subscriptable
2020-07-29 10:27:13,992 Jul 29 2020 10:27: Running scrape for LiseBech
2020-07-29 10:27:14,306 twint.get:User:'NoneType' object is not subscriptable
2020-07-29 10:27:14,565 Jul 29 2020 10:27: Running scrape for SorenPape
2020-07-29 10:27:14,870 twint.get:User:'NoneType' object is not subscriptable
2020-07-29 10:27:15,418 Jul 29 2020 10:27: Running scrape for metteabildgaard
2020-07-29 10:27:15,730 twint.get:User:'NoneType' object is not subscriptable
2020-07-29 10:27:16,011 Jul 29 2020 10:27: Running scrape for orlaosterby
2020-07-29 10:27:16,338 twint.get:User:'NoneType' object is not subscriptable
2020-07-29 10:27:16,590 Jul 29 2020 10:27: Running scrape for PSkipperEL
2020-07-29 10:27:16,900 twint.get:User:'NoneType' object is not subscriptable
2020-07-29 10:27:17,151 Jul 29 2020 10:27: Running scrape for MaiVilladsen
2020-07-29 10:27:17,447 twint.get:User:'NoneType' object is not subscriptable
2020-07-29 10:27:17,751 Jul 29 2020 10:27: Running scrape for pederhvelplund
2020-07-29 10:27:18,061 twint.get:User:'NoneType' object is not subscriptable
2020-07-29 10:27:18,326 Jul 29 2020 10:27: Running scrape for AlexVanopslagh
2020-07-29 10:27:18,639 twint.get:User:'NoneType' object is not subscriptable
2020-07-29 10:27:19,200 Jul 29 2020 10:27: Running scrape for olebirkolesen
2020-07-29 10:27:19,507 twint.get:User:'NoneType' object is not subscriptable
2020-07-29 10:27:19,768 Jul 29 2020 10:27: Running scrape for oestergaard
2020-07-29 10:27:20,070 twint.get:User:'NoneType' object is not subscriptable
2020-07-29 10:27:20,622 Jul 29 2020 10:27: Running scrape for IdaAuken
2020-07-29 10:27:20,928 twint.get:User:'NoneType' object is not subscriptable
2020-07-29 10:27:21,189 Jul 29 2020 10:27: Running scrape for stinuslindgreen
2020-07-29 10:27:21,494 twint.get:User:'NoneType' object is not subscriptable
2020-07-29 10:27:22,258 Jul 29 2020 10:27: Running scrape for PiaOlsen
2020-07-29 10:27:22,564 twint.get:User:'NoneType' object is not subscriptable
2020-07-29 10:27:22,825 Jul 29 2020 10:27: Running scrape for signe_munk
2020-07-29 10:27:23,141 twint.get:User:'NoneType' object is not subscriptable
2020-07-29 10:27:23,778 Jul 29 2020 10:27: Running scrape for JakobEllemann
2020-07-29 10:27:24,096 twint.get:User:'NoneType' object is not subscriptable
2020-07-29 10:27:24,693 Jul 29 2020 10:27: Running scrape for aahlers
2020-07-29 10:27:25,007 twint.get:User:'NoneType' object is not subscriptable
2020-07-29 10:27:25,571 Jul 29 2020 10:27: Running scrape for kimvalentinDK
2020-07-29 10:27:25,883 twint.get:User:'NoneType' object is not subscriptable
2020-07-29 10:27:26,155 Jul 29 2020 10:27: Running scrape for MogensJensenS
2020-07-29 10:27:26,452 twint.get:User:'NoneType' object is not subscriptable
2020-07-29 10:27:27,020 Jul 29 2020 10:27: Running scrape for DanJoergensen
2020-07-29 10:27:27,326 twint.get:User:'NoneType' object is not subscriptable
2020-07-29 10:27:27,599 Jul 29 2020 10:27: Running scrape for Paulin_Anne
2020-07-29 10:27:27,900 twint.get:User:'NoneType' object is not subscriptable
2020-07-29 10:27:28,195 Jul 29 2020 10:27: Running scrape for Rstoklund
2020-07-29 10:27:28,502 twint.get:User:'NoneType' object is not subscriptable
2020-07-29 10:27:28,767 Jul 29 2020 10:27: Running scrape for Isabella Arendt
2020-07-29 10:27:29,071 twint.get:User:'NoneType' object is not subscriptable
2020-07-29 10:27:29,340 Jul 29 2020 10:27: Running scrape for ammitzbollbille
2020-07-29 10:27:29,653 twint.get:User:'NoneType' object is not subscriptable
2020-07-29 10:27:30,297 Combining data...
2020-07-29 10:27:30,310 No data file for TorstenGejl
2020-07-29 10:27:30,329 No data file for LiseBech
2020-07-29 10:27:30,338 No data file for metteabildgaard
2020-07-29 10:27:30,338 No data file for orlaosterby
2020-07-29 10:27:30,338 No data file for PSkipperEL
2020-07-29 10:27:30,338 No data file for MaiVilladsen
2020-07-29 10:27:30,339 No data file for pederhvelplund
2020-07-29 10:27:30,348 No data file for olebirkolesen
2020-07-29 10:27:30,356 No data file for IdaAuken
2020-07-29 10:27:30,366 No data file for PiaOlsen
2020-07-29 10:27:30,393 No data file for kimvalentinDK
2020-07-29 10:27:30,402 No data file for DanJoergensen
2020-07-29 10:27:30,402 No data file for Paulin_Anne
2020-07-29 10:27:30,402 No data file for Rstoklund
2020-07-29 10:27:30,402 No data file for Isabella Arendt
2020-07-29 10:27:30,411 Exporting data...
2020-07-29 10:27:30,728 Removing temporary data files...
2020-07-29 10:27:30,728 Update complete!
2020-07-30 10:27:30,765 Jul 30 2020 10:27: Updating twitter data...
2020-07-30 10:27:30,766 Scraping profiles...
2020-07-30 10:27:30,766 Jul 30 2020 10:27: Running scrape for JosephineFock
2020-07-30 10:27:31,074 twint.get:User:'NoneType' object is not subscriptable
2020-07-30 10:27:31,331 Jul 30 2020 10:27: Running scrape for TorstenGejl
2020-07-30 10:27:31,644 twint.get:User:'NoneType' object is not subscriptable
2020-07-30 10:27:31,906 Jul 30 2020 10:27: Running scrape for Kristianthdahl
2020-07-30 10:27:32,225 twint.get:User:'NoneType' object is not subscriptable
2020-07-30 10:27:32,483 Jul 30 2020 10:27: Running scrape for MrMesserschmidt
2020-07-30 10:27:32,788 twint.get:User:'NoneType' object is not subscriptable
2020-07-30 10:27:33,478 Jul 30 2020 10:27: Running scrape for LiseBech
2020-07-30 10:27:33,806 twint.get:User:'NoneType' object is not subscriptable
2020-07-30 10:27:34,076 Jul 30 2020 10:27: Running scrape for SorenPape
2020-07-30 10:27:34,383 twint.get:User:'NoneType' object is not subscriptable
2020-07-30 10:27:34,651 Jul 30 2020 10:27: Running scrape for metteabildgaard
2020-07-30 10:27:34,956 twint.get:User:'NoneType' object is not subscriptable
2020-07-30 10:27:35,221 Jul 30 2020 10:27: Running scrape for orlaosterby
2020-07-30 10:27:35,536 twint.get:User:'NoneType' object is not subscriptable
2020-07-30 10:27:35,800 Jul 30 2020 10:27: Running scrape for PSkipperEL
2020-07-30 10:27:36,111 twint.get:User:'NoneType' object is not subscriptable
2020-07-30 10:27:36,374 Jul 30 2020 10:27: Running scrape for MaiVilladsen
2020-07-30 10:27:36,677 twint.get:User:'NoneType' object is not subscriptable
2020-07-30 10:27:36,942 Jul 30 2020 10:27: Running scrape for pederhvelplund
2020-07-30 10:27:37,248 twint.get:User:'NoneType' object is not subscriptable
2020-07-30 10:27:37,517 Jul 30 2020 10:27: Running scrape for AlexVanopslagh
2020-07-30 10:27:37,838 twint.get:User:'NoneType' object is not subscriptable
2020-07-30 10:27:38,102 Jul 30 2020 10:27: Running scrape for olebirkolesen
2020-07-30 10:27:38,417 twint.get:User:'NoneType' object is not subscriptable
2020-07-30 10:27:38,681 Jul 30 2020 10:27: Running scrape for oestergaard
2020-07-30 10:27:38,980 twint.get:User:'NoneType' object is not subscriptable
2020-07-30 10:27:39,587 Jul 30 2020 10:27: Running scrape for IdaAuken
2020-07-30 10:27:39,906 twint.get:User:'NoneType' object is not subscriptable
2020-07-30 10:27:40,171 Jul 30 2020 10:27: Running scrape for stinuslindgreen
2020-07-30 10:27:40,483 twint.get:User:'NoneType' object is not subscriptable
2020-07-30 10:27:41,321 Jul 30 2020 10:27: Running scrape for PiaOlsen
2020-07-30 10:27:41,636 twint.get:User:'NoneType' object is not subscriptable
2020-07-30 10:27:42,250 Jul 30 2020 10:27: Running scrape for signe_munk
2020-07-30 10:27:42,565 twint.get:User:'NoneType' object is not subscriptable
2020-07-30 10:27:43,163 Jul 30 2020 10:27: Running scrape for JakobEllemann
2020-07-30 10:27:43,477 twint.get:User:'NoneType' object is not subscriptable
2020-07-30 10:27:43,777 Jul 30 2020 10:27: Running scrape for aahlers
2020-07-30 10:27:44,091 twint.get:User:'NoneType' object is not subscriptable
2020-07-30 10:27:44,351 Jul 30 2020 10:27: Running scrape for kimvalentinDK
2020-07-30 10:27:44,662 twint.get:User:'NoneType' object is not subscriptable
2020-07-30 10:27:44,928 Jul 30 2020 10:27: Running scrape for MogensJensenS
2020-07-30 10:27:45,233 twint.get:User:'NoneType' object is not subscriptable
2020-07-30 10:27:45,851 Jul 30 2020 10:27: Running scrape for DanJoergensen
2020-07-30 10:27:46,164 twint.get:User:'NoneType' object is not subscriptable
2020-07-30 10:27:46,448 Jul 30 2020 10:27: Running scrape for Paulin_Anne
2020-07-30 10:27:46,758 twint.get:User:'NoneType' object is not subscriptable
2020-07-30 10:27:47,024 Jul 30 2020 10:27: Running scrape for Rstoklund
2020-07-30 10:27:47,344 twint.get:User:'NoneType' object is not subscriptable
2020-07-30 10:27:47,605 Jul 30 2020 10:27: Running scrape for Isabella Arendt
2020-07-30 10:27:47,916 twint.get:User:'NoneType' object is not subscriptable
2020-07-30 10:27:48,185 Jul 30 2020 10:27: Running scrape for ammitzbollbille
2020-07-30 10:27:48,542 twint.get:User:'NoneType' object is not subscriptable
2020-07-30 10:27:49,282 Combining data...
2020-07-30 10:27:49,287 No data file for JosephineFock
2020-07-30 10:27:49,287 No data file for TorstenGejl
2020-07-30 10:27:49,287 No data file for Kristianthdahl
2020-07-30 10:27:49,296 No data file for LiseBech
2020-07-30 10:27:49,296 No data file for SorenPape
2020-07-30 10:27:49,297 No data file for metteabildgaard
2020-07-30 10:27:49,297 No data file for orlaosterby
2020-07-30 10:27:49,297 No data file for PSkipperEL
2020-07-30 10:27:49,297 No data file for MaiVilladsen
2020-07-30 10:27:49,297 No data file for pederhvelplund
2020-07-30 10:27:49,297 No data file for AlexVanopslagh
2020-07-30 10:27:49,298 No data file for olebirkolesen
2020-07-30 10:27:49,307 No data file for IdaAuken
2020-07-30 10:27:49,334 No data file for JakobEllemann
2020-07-30 10:27:49,334 No data file for aahlers
2020-07-30 10:27:49,335 No data file for kimvalentinDK
2020-07-30 10:27:49,344 No data file for DanJoergensen
2020-07-30 10:27:49,344 No data file for Paulin_Anne
2020-07-30 10:27:49,344 No data file for Rstoklund
2020-07-30 10:27:49,345 No data file for Isabella Arendt
2020-07-30 10:27:49,354 Exporting data...
2020-07-30 10:27:49,676 Removing temporary data files...
2020-07-30 10:27:49,680 Update complete!
2020-07-31 10:27:49,689 Jul 31 2020 10:27: Updating twitter data...
2020-07-31 10:27:49,690 Scraping profiles...
2020-07-31 10:27:49,690 Jul 31 2020 10:27: Running scrape for JosephineFock
2020-07-31 10:27:49,997 twint.get:User:'NoneType' object is not subscriptable
2020-07-31 10:27:50,275 Jul 31 2020 10:27: Running scrape for TorstenGejl
2020-07-31 10:27:50,589 twint.get:User:'NoneType' object is not subscriptable
2020-07-31 10:27:50,855 Jul 31 2020 10:27: Running scrape for Kristianthdahl
2020-07-31 10:27:51,175 twint.get:User:'NoneType' object is not subscriptable
2020-07-31 10:27:51,461 Jul 31 2020 10:27: Running scrape for MrMesserschmidt
2020-07-31 10:27:51,771 twint.get:User:'NoneType' object is not subscriptable
2020-07-31 10:27:52,542 Jul 31 2020 10:27: Running scrape for LiseBech
2020-07-31 10:27:52,853 twint.get:User:'NoneType' object is not subscriptable
2020-07-31 10:27:53,114 Jul 31 2020 10:27: Running scrape for SorenPape
2020-07-31 10:27:53,423 twint.get:User:'NoneType' object is not subscriptable
2020-07-31 10:27:53,696 Jul 31 2020 10:27: Running scrape for metteabildgaard
2020-07-31 10:27:54,030 twint.get:User:'NoneType' object is not subscriptable
2020-07-31 10:27:54,292 Jul 31 2020 10:27: Running scrape for orlaosterby
2020-07-31 10:27:54,610 twint.get:User:'NoneType' object is not subscriptable
2020-07-31 10:27:54,870 Jul 31 2020 10:27: Running scrape for PSkipperEL
2020-07-31 10:27:55,205 twint.get:User:'NoneType' object is not subscriptable
2020-07-31 10:27:55,760 Jul 31 2020 10:27: Running scrape for MaiVilladsen
2020-07-31 10:27:56,072 twint.get:User:'NoneType' object is not subscriptable
2020-07-31 10:27:56,332 Jul 31 2020 10:27: Running scrape for pederhvelplund
2020-07-31 10:27:56,646 twint.get:User:'NoneType' object is not subscriptable
2020-07-31 10:27:57,216 Jul 31 2020 10:27: Running scrape for AlexVanopslagh
2020-07-31 10:27:57,512 twint.get:User:'NoneType' object is not subscriptable
2020-07-31 10:27:58,148 Jul 31 2020 10:27: Running scrape for olebirkolesen
2020-07-31 10:27:58,446 twint.get:User:'NoneType' object is not subscriptable
2020-07-31 10:27:58,717 Jul 31 2020 10:27: Running scrape for oestergaard
2020-07-31 10:27:59,033 twint.get:User:'NoneType' object is not subscriptable
2020-07-31 10:27:59,594 Jul 31 2020 10:27: Running scrape for IdaAuken
2020-07-31 10:27:59,901 twint.get:User:'NoneType' object is not subscriptable
2020-07-31 10:28:00,152 Jul 31 2020 10:28: Running scrape for stinuslindgreen
2020-07-31 10:28:00,456 twint.get:User:'NoneType' object is not subscriptable
2020-07-31 10:28:01,408 Jul 31 2020 10:28: Running scrape for PiaOlsen
2020-07-31 10:28:01,705 twint.get:User:'NoneType' object is not subscriptable
2020-07-31 10:28:02,271 Jul 31 2020 10:28: Running scrape for signe_munk
2020-07-31 10:28:02,596 twint.get:User:'NoneType' object is not subscriptable
2020-07-31 10:28:02,861 Jul 31 2020 10:28: Running scrape for JakobEllemann
2020-07-31 10:28:03,183 twint.get:User:'NoneType' object is not subscriptable
2020-07-31 10:28:03,447 Jul 31 2020 10:28: Running scrape for aahlers
2020-07-31 10:28:03,750 twint.get:User:'NoneType' object is not subscriptable
2020-07-31 10:28:04,020 Jul 31 2020 10:28: Running scrape for kimvalentinDK
2020-07-31 10:28:04,333 twint.get:User:'NoneType' object is not subscriptable
2020-07-31 10:28:04,601 Jul 31 2020 10:28: Running scrape for MogensJensenS
2020-07-31 10:28:04,904 twint.get:User:'NoneType' object is not subscriptable
2020-07-31 10:28:05,163 Jul 31 2020 10:28: Running scrape for DanJoergensen
2020-07-31 10:28:05,498 twint.get:User:'NoneType' object is not subscriptable
2020-07-31 10:28:05,763 Jul 31 2020 10:28: Running scrape for Paulin_Anne
2020-07-31 10:28:06,066 twint.get:User:'NoneType' object is not subscriptable
2020-07-31 10:28:06,324 Jul 31 2020 10:28: Running scrape for Rstoklund
2020-07-31 10:28:06,639 twint.get:User:'NoneType' object is not subscriptable
2020-07-31 10:28:06,915 Jul 31 2020 10:28: Running scrape for Isabella Arendt
2020-07-31 10:28:07,230 twint.get:User:'NoneType' object is not subscriptable
2020-07-31 10:28:07,491 Jul 31 2020 10:28: Running scrape for ammitzbollbille
2020-07-31 10:28:07,805 twint.get:User:'NoneType' object is not subscriptable
2020-07-31 10:28:08,634 Combining data...
2020-07-31 10:28:08,639 No data file for JosephineFock
2020-07-31 10:28:08,639 No data file for TorstenGejl
2020-07-31 10:28:08,639 No data file for Kristianthdahl
2020-07-31 10:28:08,648 No data file for LiseBech
2020-07-31 10:28:08,648 No data file for SorenPape
2020-07-31 10:28:08,648 No data file for metteabildgaard
2020-07-31 10:28:08,648 No data file for orlaosterby
2020-07-31 10:28:08,658 No data file for MaiVilladsen
2020-07-31 10:28:08,676 No data file for olebirkolesen
2020-07-31 10:28:08,685 No data file for IdaAuken
2020-07-31 10:28:08,703 No data file for signe_munk
2020-07-31 10:28:08,703 No data file for JakobEllemann
2020-07-31 10:28:08,703 No data file for aahlers
2020-07-31 10:28:08,704 No data file for kimvalentinDK
2020-07-31 10:28:08,704 No data file for MogensJensenS
2020-07-31 10:28:08,704 No data file for DanJoergensen
2020-07-31 10:28:08,704 No data file for Paulin_Anne
2020-07-31 10:28:08,704 No data file for Rstoklund
2020-07-31 10:28:08,704 No data file for Isabella Arendt
2020-07-31 10:28:08,713 Exporting data...
2020-07-31 10:28:09,037 Removing temporary data files...
2020-07-31 10:28:09,040 Update complete!
2020-08-01 10:28:09,110 Aug 01 2020 10:28: Updating twitter data...
2020-08-01 10:28:09,110 Scraping profiles...
2020-08-01 10:28:09,110 Aug 01 2020 10:28: Running scrape for JosephineFock
2020-08-01 10:28:09,451 twint.get:User:'NoneType' object is not subscriptable
2020-08-01 10:28:09,715 Aug 01 2020 10:28: Running scrape for TorstenGejl
2020-08-01 10:28:10,030 twint.get:User:'NoneType' object is not subscriptable
2020-08-01 10:28:10,299 Aug 01 2020 10:28: Running scrape for Kristianthdahl
2020-08-01 10:28:10,615 twint.get:User:'NoneType' object is not subscriptable
2020-08-01 10:28:10,900 Aug 01 2020 10:28: Running scrape for MrMesserschmidt
2020-08-01 10:28:11,220 twint.get:User:'NoneType' object is not subscriptable
2020-08-01 10:28:11,498 Aug 01 2020 10:28: Running scrape for LiseBech
2020-08-01 10:28:11,807 twint.get:User:'NoneType' object is not subscriptable
2020-08-01 10:28:12,120 Aug 01 2020 10:28: Running scrape for SorenPape
2020-08-01 10:28:12,435 twint.get:User:'NoneType' object is not subscriptable
2020-08-01 10:28:12,709 Aug 01 2020 10:28: Running scrape for metteabildgaard
2020-08-01 10:28:13,021 twint.get:User:'NoneType' object is not subscriptable
2020-08-01 10:28:13,649 Aug 01 2020 10:28: Running scrape for orlaosterby
2020-08-01 10:28:13,966 twint.get:User:'NoneType' object is not subscriptable
2020-08-01 10:28:14,221 Aug 01 2020 10:28: Running scrape for PSkipperEL
2020-08-01 10:28:14,552 twint.get:User:'NoneType' object is not subscriptable
2020-08-01 10:28:14,813 Aug 01 2020 10:28: Running scrape for MaiVilladsen
2020-08-01 10:28:15,126 twint.get:User:'NoneType' object is not subscriptable
2020-08-01 10:28:15,383 Aug 01 2020 10:28: Running scrape for pederhvelplund
2020-08-01 10:28:15,688 twint.get:User:'NoneType' object is not subscriptable
2020-08-01 10:28:15,952 Aug 01 2020 10:28: Running scrape for AlexVanopslagh
2020-08-01 10:28:16,264 twint.get:User:'NoneType' object is not subscriptable
2020-08-01 10:28:16,530 Aug 01 2020 10:28: Running scrape for olebirkolesen
2020-08-01 10:28:16,838 twint.get:User:'NoneType' object is not subscriptable
2020-08-01 10:28:17,106 Aug 01 2020 10:28: Running scrape for oestergaard
2020-08-01 10:28:17,417 twint.get:User:'NoneType' object is not subscriptable
2020-08-01 10:28:17,739 Aug 01 2020 10:28: Running scrape for IdaAuken
2020-08-01 10:28:18,060 twint.get:User:'NoneType' object is not subscriptable
2020-08-01 10:28:18,318 Aug 01 2020 10:28: Running scrape for stinuslindgreen
2020-08-01 10:28:18,626 twint.get:User:'NoneType' object is not subscriptable
2020-08-01 10:28:19,340 Aug 01 2020 10:28: Running scrape for PiaOlsen
2020-08-01 10:28:19,678 twint.get:User:'NoneType' object is not subscriptable
2020-08-01 10:28:20,320 Aug 01 2020 10:28: Running scrape for signe_munk
2020-08-01 10:28:20,634 twint.get:User:'NoneType' object is not subscriptable
2020-08-01 10:28:20,901 Aug 01 2020 10:28: Running scrape for JakobEllemann
2020-08-01 10:28:21,216 twint.get:User:'NoneType' object is not subscriptable
2020-08-01 10:28:21,473 Aug 01 2020 10:28: Running scrape for aahlers
2020-08-01 10:28:21,787 twint.get:User:'NoneType' object is not subscriptable
2020-08-01 10:28:22,063 Aug 01 2020 10:28: Running scrape for kimvalentinDK
2020-08-01 10:28:22,372 twint.get:User:'NoneType' object is not subscriptable
2020-08-01 10:28:22,661 Aug 01 2020 10:28: Running scrape for MogensJensenS
2020-08-01 10:28:22,975 twint.get:User:'NoneType' object is not subscriptable
2020-08-01 10:28:23,244 Aug 01 2020 10:28: Running scrape for DanJoergensen
2020-08-01 10:28:23,559 twint.get:User:'NoneType' object is not subscriptable
2020-08-01 10:28:23,818 Aug 01 2020 10:28: Running scrape for Paulin_Anne
2020-08-01 10:28:24,135 twint.get:User:'NoneType' object is not subscriptable
2020-08-01 10:28:24,392 Aug 01 2020 10:28: Running scrape for Rstoklund
2020-08-01 10:28:24,700 twint.get:User:'NoneType' object is not subscriptable
2020-08-01 10:28:25,266 Aug 01 2020 10:28: Running scrape for Isabella Arendt
2020-08-01 10:28:25,573 twint.get:User:'NoneType' object is not subscriptable
2020-08-01 10:28:25,831 Aug 01 2020 10:28: Running scrape for ammitzbollbille
2020-08-01 10:28:26,142 twint.get:User:'NoneType' object is not subscriptable
2020-08-01 10:28:27,047 Combining data...
2020-08-01 10:28:27,052 No data file for JosephineFock
2020-08-01 10:28:27,052 No data file for TorstenGejl
2020-08-01 10:28:27,052 No data file for Kristianthdahl
2020-08-01 10:28:27,052 No data file for MrMesserschmidt
2020-08-01 10:28:27,052 No data file for LiseBech
2020-08-01 10:28:27,053 No data file for SorenPape
2020-08-01 10:28:27,061 No data file for orlaosterby
2020-08-01 10:28:27,061 No data file for PSkipperEL
2020-08-01 10:28:27,061 No data file for MaiVilladsen
2020-08-01 10:28:27,062 No data file for pederhvelplund
2020-08-01 10:28:27,062 No data file for AlexVanopslagh
2020-08-01 10:28:27,062 No data file for olebirkolesen
2020-08-01 10:28:27,062 No data file for oestergaard
2020-08-01 10:28:27,062 No data file for IdaAuken
2020-08-01 10:28:27,081 No data file for signe_munk
2020-08-01 10:28:27,081 No data file for JakobEllemann
2020-08-01 10:28:27,081 No data file for aahlers
2020-08-01 10:28:27,081 No data file for kimvalentinDK
2020-08-01 10:28:27,081 No data file for MogensJensenS
2020-08-01 10:28:27,082 No data file for DanJoergensen
2020-08-01 10:28:27,082 No data file for Paulin_Anne
2020-08-01 10:28:27,091 No data file for Isabella Arendt
2020-08-01 10:28:27,100 Exporting data...
2020-08-01 10:28:27,441 Removing temporary data files...
2020-08-01 10:28:27,441 Update complete!
2020-08-02 10:28:27,518 Aug 02 2020 10:28: Updating twitter data...
2020-08-02 10:28:27,518 Scraping profiles...
2020-08-02 10:28:27,518 Aug 02 2020 10:28: Running scrape for JosephineFock
2020-08-02 10:28:27,965 twint.get:User:'NoneType' object is not subscriptable
2020-08-02 10:28:28,234 Aug 02 2020 10:28: Running scrape for TorstenGejl
2020-08-02 10:28:28,540 twint.get:User:'NoneType' object is not subscriptable
2020-08-02 10:28:28,800 Aug 02 2020 10:28: Running scrape for Kristianthdahl
2020-08-02 10:28:29,113 twint.get:User:'NoneType' object is not subscriptable
2020-08-02 10:28:29,375 Aug 02 2020 10:28: Running scrape for MrMesserschmidt
2020-08-02 10:28:29,681 twint.get:User:'NoneType' object is not subscriptable
2020-08-02 10:28:30,302 Aug 02 2020 10:28: Running scrape for LiseBech
2020-08-02 10:28:30,615 twint.get:User:'NoneType' object is not subscriptable
2020-08-02 10:28:30,875 Aug 02 2020 10:28: Running scrape for SorenPape
2020-08-02 10:28:31,200 twint.get:User:'NoneType' object is not subscriptable
2020-08-02 10:28:31,463 Aug 02 2020 10:28: Running scrape for metteabildgaard
2020-08-02 10:28:31,775 twint.get:User:'NoneType' object is not subscriptable
2020-08-02 10:28:32,375 Aug 02 2020 10:28: Running scrape for orlaosterby
2020-08-02 10:28:32,684 twint.get:User:'NoneType' object is not subscriptable
2020-08-02 10:28:32,938 Aug 02 2020 10:28: Running scrape for PSkipperEL
2020-08-02 10:28:33,244 twint.get:User:'NoneType' object is not subscriptable
2020-08-02 10:28:33,584 Aug 02 2020 10:28: Running scrape for MaiVilladsen
2020-08-02 10:28:33,886 twint.get:User:'NoneType' object is not subscriptable
2020-08-02 10:28:34,150 Aug 02 2020 10:28: Running scrape for pederhvelplund
2020-08-02 10:28:34,464 twint.get:User:'NoneType' object is not subscriptable
2020-08-02 10:28:34,723 Aug 02 2020 10:28: Running scrape for AlexVanopslagh
2020-08-02 10:28:35,032 twint.get:User:'NoneType' object is not subscriptable
2020-08-02 10:28:35,288 Aug 02 2020 10:28: Running scrape for olebirkolesen
2020-08-02 10:28:35,598 twint.get:User:'NoneType' object is not subscriptable
2020-08-02 10:28:35,866 Aug 02 2020 10:28: Running scrape for oestergaard
2020-08-02 10:28:36,174 twint.get:User:'NoneType' object is not subscriptable
2020-08-02 10:28:36,469 Aug 02 2020 10:28: Running scrape for IdaAuken
2020-08-02 10:28:36,786 twint.get:User:'NoneType' object is not subscriptable
2020-08-02 10:28:37,052 Aug 02 2020 10:28: Running scrape for stinuslindgreen
2020-08-02 10:28:37,378 twint.get:User:'NoneType' object is not subscriptable
2020-08-02 10:28:37,643 Aug 02 2020 10:28: Running scrape for PiaOlsen
2020-08-02 10:28:37,959 twint.get:User:'NoneType' object is not subscriptable
2020-08-02 10:28:38,231 Aug 02 2020 10:28: Running scrape for signe_munk
2020-08-02 10:28:38,555 twint.get:User:'NoneType' object is not subscriptable
2020-08-02 10:28:38,830 Aug 02 2020 10:28: Running scrape for JakobEllemann
2020-08-02 10:28:39,146 twint.get:User:'NoneType' object is not subscriptable
2020-08-02 10:28:39,419 Aug 02 2020 10:28: Running scrape for aahlers
2020-08-02 10:28:39,728 twint.get:User:'NoneType' object is not subscriptable
2020-08-02 10:28:39,982 Aug 02 2020 10:28: Running scrape for kimvalentinDK
2020-08-02 10:28:40,294 twint.get:User:'NoneType' object is not subscriptable
2020-08-02 10:28:40,557 Aug 02 2020 10:28: Running scrape for MogensJensenS
2020-08-02 10:28:40,872 twint.get:User:'NoneType' object is not subscriptable
2020-08-02 10:28:41,146 Aug 02 2020 10:28: Running scrape for DanJoergensen
2020-08-02 10:28:41,454 twint.get:User:'NoneType' object is not subscriptable
2020-08-02 10:28:41,715 Aug 02 2020 10:28: Running scrape for Paulin_Anne
2020-08-02 10:28:42,032 twint.get:User:'NoneType' object is not subscriptable
2020-08-02 10:28:42,295 Aug 02 2020 10:28: Running scrape for Rstoklund
2020-08-02 10:28:42,603 twint.get:User:'NoneType' object is not subscriptable
2020-08-02 10:28:43,164 Aug 02 2020 10:28: Running scrape for Isabella Arendt
2020-08-02 10:28:43,478 twint.get:User:'NoneType' object is not subscriptable
2020-08-02 10:28:43,764 Aug 02 2020 10:28: Running scrape for ammitzbollbille
2020-08-02 10:28:44,076 twint.get:User:'NoneType' object is not subscriptable
2020-08-02 10:28:44,761 Combining data...
2020-08-02 10:28:44,767 No data file for JosephineFock
2020-08-02 10:28:44,767 No data file for TorstenGejl
2020-08-02 10:28:44,767 No data file for Kristianthdahl
2020-08-02 10:28:44,777 No data file for LiseBech
2020-08-02 10:28:44,777 No data file for SorenPape
2020-08-02 10:28:44,788 No data file for orlaosterby
2020-08-02 10:28:44,788 No data file for PSkipperEL
2020-08-02 10:28:44,788 No data file for MaiVilladsen
2020-08-02 10:28:44,788 No data file for pederhvelplund
2020-08-02 10:28:44,789 No data file for AlexVanopslagh
2020-08-02 10:28:44,789 No data file for olebirkolesen
2020-08-02 10:28:44,789 No data file for oestergaard
2020-08-02 10:28:44,789 No data file for IdaAuken
2020-08-02 10:28:44,789 No data file for stinuslindgreen
2020-08-02 10:28:44,790 No data file for PiaOlsen
2020-08-02 10:28:44,790 No data file for signe_munk
2020-08-02 10:28:44,790 No data file for JakobEllemann
2020-08-02 10:28:44,790 No data file for aahlers
2020-08-02 10:28:44,790 No data file for kimvalentinDK
2020-08-02 10:28:44,790 No data file for MogensJensenS
2020-08-02 10:28:44,791 No data file for DanJoergensen
2020-08-02 10:28:44,791 No data file for Paulin_Anne
2020-08-02 10:28:44,801 No data file for Isabella Arendt
2020-08-02 10:28:44,810 Exporting data...
2020-08-02 10:28:45,141 Removing temporary data files...
2020-08-02 10:28:45,141 Update complete!
2020-08-03 10:28:45,201 Aug 03 2020 10:28: Updating twitter data...
2020-08-03 10:28:45,202 Scraping profiles...
2020-08-03 10:28:45,202 Aug 03 2020 10:28: Running scrape for JosephineFock
2020-08-03 10:28:45,512 twint.get:User:'NoneType' object is not subscriptable
2020-08-03 10:28:45,762 Aug 03 2020 10:28: Running scrape for TorstenGejl
2020-08-03 10:28:46,070 twint.get:User:'NoneType' object is not subscriptable
2020-08-03 10:28:46,332 Aug 03 2020 10:28: Running scrape for Kristianthdahl
2020-08-03 10:28:46,639 twint.get:User:'NoneType' object is not subscriptable
2020-08-03 10:28:46,891 Aug 03 2020 10:28: Running scrape for MrMesserschmidt
2020-08-03 10:28:47,198 twint.get:User:'NoneType' object is not subscriptable
2020-08-03 10:28:47,482 Aug 03 2020 10:28: Running scrape for LiseBech
2020-08-03 10:28:47,784 twint.get:User:'NoneType' object is not subscriptable
2020-08-03 10:28:48,032 Aug 03 2020 10:28: Running scrape for SorenPape
2020-08-03 10:28:48,347 twint.get:User:'NoneType' object is not subscriptable
2020-08-03 10:28:48,617 Aug 03 2020 10:28: Running scrape for metteabildgaard
2020-08-03 10:28:48,922 twint.get:User:'NoneType' object is not subscriptable
2020-08-03 10:28:49,496 Aug 03 2020 10:28: Running scrape for orlaosterby
2020-08-03 10:28:49,805 twint.get:User:'NoneType' object is not subscriptable
2020-08-03 10:28:50,074 Aug 03 2020 10:28: Running scrape for PSkipperEL
2020-08-03 10:28:50,378 twint.get:User:'NoneType' object is not subscriptable
2020-08-03 10:28:50,638 Aug 03 2020 10:28: Running scrape for MaiVilladsen
2020-08-03 10:28:50,940 twint.get:User:'NoneType' object is not subscriptable
2020-08-03 10:28:51,195 Aug 03 2020 10:28: Running scrape for pederhvelplund
2020-08-03 10:28:51,507 twint.get:User:'NoneType' object is not subscriptable
2020-08-03 10:28:51,782 Aug 03 2020 10:28: Running scrape for AlexVanopslagh
2020-08-03 10:28:52,086 twint.get:User:'NoneType' object is not subscriptable
2020-08-03 10:28:52,376 Aug 03 2020 10:28: Running scrape for olebirkolesen
2020-08-03 10:28:52,683 twint.get:User:'NoneType' object is not subscriptable
2020-08-03 10:28:52,949 Aug 03 2020 10:28: Running scrape for oestergaard
2020-08-03 10:28:53,266 twint.get:User:'NoneType' object is not subscriptable
2020-08-03 10:28:53,533 Aug 03 2020 10:28: Running scrape for IdaAuken
2020-08-03 10:28:53,839 twint.get:User:'NoneType' object is not subscriptable
2020-08-03 10:28:54,105 Aug 03 2020 10:28: Running scrape for stinuslindgreen
2020-08-03 10:28:54,408 twint.get:User:'NoneType' object is not subscriptable
2020-08-03 10:28:54,671 Aug 03 2020 10:28: Running scrape for PiaOlsen
2020-08-03 10:28:54,987 twint.get:User:'NoneType' object is not subscriptable
2020-08-03 10:28:55,586 Aug 03 2020 10:28: Running scrape for signe_munk
2020-08-03 10:28:55,904 twint.get:User:'NoneType' object is not subscriptable
2020-08-03 10:28:56,173 Aug 03 2020 10:28: Running scrape for JakobEllemann
2020-08-03 10:28:56,490 twint.get:User:'NoneType' object is not subscriptable
2020-08-03 10:28:56,754 Aug 03 2020 10:28: Running scrape for aahlers
2020-08-03 10:28:57,070 twint.get:User:'NoneType' object is not subscriptable
2020-08-03 10:28:57,332 Aug 03 2020 10:28: Running scrape for kimvalentinDK
2020-08-03 10:28:57,647 twint.get:User:'NoneType' object is not subscriptable
2020-08-03 10:28:57,908 Aug 03 2020 10:28: Running scrape for MogensJensenS
2020-08-03 10:28:58,216 twint.get:User:'NoneType' object is not subscriptable
2020-08-03 10:28:58,480 Aug 03 2020 10:28: Running scrape for DanJoergensen
2020-08-03 10:28:58,797 twint.get:User:'NoneType' object is not subscriptable
2020-08-03 10:28:59,053 Aug 03 2020 10:28: Running scrape for Paulin_Anne
2020-08-03 10:28:59,364 twint.get:User:'NoneType' object is not subscriptable
2020-08-03 10:28:59,624 Aug 03 2020 10:28: Running scrape for Rstoklund
2020-08-03 10:28:59,934 twint.get:User:'NoneType' object is not subscriptable
2020-08-03 10:29:00,530 Aug 03 2020 10:29: Running scrape for Isabella Arendt
2020-08-03 10:29:00,836 twint.get:User:'NoneType' object is not subscriptable
2020-08-03 10:29:01,107 Aug 03 2020 10:29: Running scrape for ammitzbollbille
2020-08-03 10:29:01,412 twint.get:User:'NoneType' object is not subscriptable
2020-08-03 10:29:02,474 Combining data...
2020-08-03 10:29:02,479 No data file for JosephineFock
2020-08-03 10:29:02,480 No data file for TorstenGejl
2020-08-03 10:29:02,480 No data file for Kristianthdahl
2020-08-03 10:29:02,480 No data file for MrMesserschmidt
2020-08-03 10:29:02,480 No data file for LiseBech
2020-08-03 10:29:02,480 No data file for SorenPape
2020-08-03 10:29:02,490 No data file for orlaosterby
2020-08-03 10:29:02,490 No data file for PSkipperEL
2020-08-03 10:29:02,490 No data file for MaiVilladsen
2020-08-03 10:29:02,490 No data file for pederhvelplund
2020-08-03 10:29:02,490 No data file for AlexVanopslagh
2020-08-03 10:29:02,491 No data file for olebirkolesen
2020-08-03 10:29:02,491 No data file for oestergaard
2020-08-03 10:29:02,491 No data file for IdaAuken
2020-08-03 10:29:02,491 No data file for stinuslindgreen
2020-08-03 10:29:02,501 No data file for signe_munk
2020-08-03 10:29:02,501 No data file for JakobEllemann
2020-08-03 10:29:02,501 No data file for aahlers
2020-08-03 10:29:02,502 No data file for kimvalentinDK
2020-08-03 10:29:02,502 No data file for MogensJensenS
2020-08-03 10:29:02,502 No data file for DanJoergensen
2020-08-03 10:29:02,502 No data file for Paulin_Anne
2020-08-03 10:29:02,512 No data file for Isabella Arendt
2020-08-03 10:29:02,522 Exporting data...
2020-08-03 10:29:02,857 Removing temporary data files...
2020-08-03 10:29:02,857 Update complete!
2020-08-04 10:29:02,861 Aug 04 2020 10:29: Updating twitter data...
2020-08-04 10:29:02,862 Scraping profiles...
2020-08-04 10:29:02,862 Aug 04 2020 10:29: Running scrape for JosephineFock
2020-08-04 10:29:03,191 twint.get:User:'NoneType' object is not subscriptable
2020-08-04 10:29:03,450 Aug 04 2020 10:29: Running scrape for TorstenGejl
2020-08-04 10:29:03,763 twint.get:User:'NoneType' object is not subscriptable
2020-08-04 10:29:04,028 Aug 04 2020 10:29: Running scrape for Kristianthdahl
2020-08-04 10:29:04,324 twint.get:User:'NoneType' object is not subscriptable
2020-08-04 10:29:04,924 Aug 04 2020 10:29: Running scrape for MrMesserschmidt
2020-08-04 10:29:05,247 twint.get:User:'NoneType' object is not subscriptable
2020-08-04 10:29:05,823 Aug 04 2020 10:29: Running scrape for LiseBech
2020-08-04 10:29:06,183 twint.get:User:'NoneType' object is not subscriptable
2020-08-04 10:29:06,753 Aug 04 2020 10:29: Running scrape for SorenPape
2020-08-04 10:29:07,079 twint.get:User:'NoneType' object is not subscriptable
2020-08-04 10:29:07,684 Aug 04 2020 10:29: Running scrape for metteabildgaard
2020-08-04 10:29:07,990 twint.get:User:'NoneType' object is not subscriptable
2020-08-04 10:29:08,251 Aug 04 2020 10:29: Running scrape for orlaosterby
2020-08-04 10:29:08,559 twint.get:User:'NoneType' object is not subscriptable
2020-08-04 10:29:08,817 Aug 04 2020 10:29: Running scrape for PSkipperEL
2020-08-04 10:29:09,125 twint.get:User:'NoneType' object is not subscriptable
2020-08-04 10:29:09,382 Aug 04 2020 10:29: Running scrape for MaiVilladsen
2020-08-04 10:29:09,690 twint.get:User:'NoneType' object is not subscriptable
2020-08-04 10:29:09,948 Aug 04 2020 10:29: Running scrape for pederhvelplund
2020-08-04 10:29:10,259 twint.get:User:'NoneType' object is not subscriptable
2020-08-04 10:29:10,519 Aug 04 2020 10:29: Running scrape for AlexVanopslagh
2020-08-04 10:29:10,838 twint.get:User:'NoneType' object is not subscriptable
2020-08-04 10:29:11,111 Aug 04 2020 10:29: Running scrape for olebirkolesen
2020-08-04 10:29:11,420 twint.get:User:'NoneType' object is not subscriptable
2020-08-04 10:29:11,695 Aug 04 2020 10:29: Running scrape for oestergaard
2020-08-04 10:29:12,006 twint.get:User:'NoneType' object is not subscriptable
2020-08-04 10:29:12,255 Aug 04 2020 10:29: Running scrape for IdaAuken
2020-08-04 10:29:12,569 twint.get:User:'NoneType' object is not subscriptable
2020-08-04 10:29:12,833 Aug 04 2020 10:29: Running scrape for stinuslindgreen
2020-08-04 10:29:13,156 twint.get:User:'NoneType' object is not subscriptable
2020-08-04 10:29:13,798 Aug 04 2020 10:29: Running scrape for PiaOlsen
2020-08-04 10:29:14,115 twint.get:User:'NoneType' object is not subscriptable
2020-08-04 10:29:14,742 Aug 04 2020 10:29: Running scrape for signe_munk
2020-08-04 10:29:15,048 twint.get:User:'NoneType' object is not subscriptable
2020-08-04 10:29:15,309 Aug 04 2020 10:29: Running scrape for JakobEllemann
2020-08-04 10:29:15,611 twint.get:User:'NoneType' object is not subscriptable
2020-08-04 10:29:16,172 Aug 04 2020 10:29: Running scrape for aahlers
2020-08-04 10:29:16,484 twint.get:User:'NoneType' object is not subscriptable
2020-08-04 10:29:16,741 Aug 04 2020 10:29: Running scrape for kimvalentinDK
2020-08-04 10:29:17,041 twint.get:User:'NoneType' object is not subscriptable
2020-08-04 10:29:17,581 Aug 04 2020 10:29: Running scrape for MogensJensenS
2020-08-04 10:29:17,890 twint.get:User:'NoneType' object is not subscriptable
2020-08-04 10:29:18,576 Aug 04 2020 10:29: Running scrape for DanJoergensen
2020-08-04 10:29:18,884 twint.get:User:'NoneType' object is not subscriptable
2020-08-04 10:29:19,153 Aug 04 2020 10:29: Running scrape for Paulin_Anne
2020-08-04 10:29:19,456 twint.get:User:'NoneType' object is not subscriptable
2020-08-04 10:29:19,706 Aug 04 2020 10:29: Running scrape for Rstoklund
2020-08-04 10:29:20,022 twint.get:User:'NoneType' object is not subscriptable
2020-08-04 10:29:20,648 Aug 04 2020 10:29: Running scrape for Isabella Arendt
2020-08-04 10:29:20,956 twint.get:User:'NoneType' object is not subscriptable
2020-08-04 10:29:21,221 Aug 04 2020 10:29: Running scrape for ammitzbollbille
2020-08-04 10:29:21,528 twint.get:User:'NoneType' object is not subscriptable
2020-08-04 10:29:22,289 Combining data...
2020-08-04 10:29:22,294 No data file for JosephineFock
2020-08-04 10:29:22,294 No data file for TorstenGejl
2020-08-04 10:29:22,330 No data file for metteabildgaard
2020-08-04 10:29:22,330 No data file for orlaosterby
2020-08-04 10:29:22,330 No data file for PSkipperEL
2020-08-04 10:29:22,330 No data file for MaiVilladsen
2020-08-04 10:29:22,330 No data file for pederhvelplund
2020-08-04 10:29:22,331 No data file for AlexVanopslagh
2020-08-04 10:29:22,331 No data file for olebirkolesen
2020-08-04 10:29:22,331 No data file for oestergaard
2020-08-04 10:29:22,331 No data file for IdaAuken
2020-08-04 10:29:22,349 No data file for signe_munk
2020-08-04 10:29:22,359 No data file for aahlers
2020-08-04 10:29:22,378 No data file for DanJoergensen
2020-08-04 10:29:22,378 No data file for Paulin_Anne
2020-08-04 10:29:22,388 No data file for Isabella Arendt
2020-08-04 10:29:22,397 Exporting data...
2020-08-04 10:29:22,739 Removing temporary data files...
2020-08-04 10:29:22,740 Update complete!
2020-08-05 10:29:22,765 Aug 05 2020 10:29: Updating twitter data...
2020-08-05 10:29:22,766 Scraping profiles...
2020-08-05 10:29:22,766 Aug 05 2020 10:29: Running scrape for JosephineFock
2020-08-05 10:29:41,333 twint.get:User:Cannot connect to host twitter.com:443 ssl:True [Temporary failure in name resolution]
