2020-10-15 09:38:56,330 Checking Berlingske front page...
2020-10-15 09:39:32,105 Berlingske front page checked on 2020-10-15 09:39:32.105253. 5 new articles found.
2020-10-15 09:39:32,110 Checking Politiken front page...
2020-10-15 09:39:49,137 Politiken front page checked on 2020-10-15 09:39:49.137041. 2 new articles found.
2020-10-15 09:39:49,151 Checking DR front page...
2020-10-15 09:39:54,367 DR front page checked on 2020-10-15 09:39:54.367624. 1 new articles found.
2020-10-15 09:39:54,368 Checking TV2 front page...
2020-10-15 09:40:49,976 TV2 front page checked on 2020-10-15 09:40:49.976188. 10 new articles found.
2020-10-15 10:25:58,574 Checking Berlingske front page...
2020-10-15 10:26:02,354 Berlingske front page checked on 2020-10-15 10:26:02.354098. 0 new articles found.
2020-10-15 10:26:02,354 Checking Politiken front page...
2020-10-15 10:26:05,206 Politiken front page checked on 2020-10-15 10:26:05.206453. 0 new articles found.
2020-10-15 10:26:05,207 Checking DR front page...
2020-10-15 10:26:08,261 DR front page checked on 2020-10-15 10:26:08.261262. 0 new articles found.
2020-10-15 10:26:08,261 Checking TV2 front page...
2020-10-15 10:26:29,917 TV2 front page checked on 2020-10-15 10:26:29.917711. 3 new articles found.
2020-10-15 11:25:41,463 Checking Berlingske front page...
2020-10-15 11:25:51,939 Berlingske front page checked on 2020-10-15 11:25:51.939100. 2 new articles found.
2020-10-15 11:25:51,944 Checking Politiken front page...
2020-10-15 11:25:58,717 Politiken front page checked on 2020-10-15 11:25:58.717599. 1 new articles found.
2020-10-15 11:25:58,727 Checking DR front page...
2020-10-15 11:26:03,776 DR front page checked on 2020-10-15 11:26:03.776523. 1 new articles found.
2020-10-15 11:26:03,778 Checking TV2 front page...
2020-10-15 11:26:40,513 TV2 front page checked on 2020-10-15 11:26:40.513247. 6 new articles found.
2020-10-15 12:26:54,070 Checking Berlingske front page...
2020-10-15 12:26:57,860 Berlingske front page checked on 2020-10-15 12:26:57.860607. 0 new articles found.
2020-10-15 12:26:57,860 Checking Politiken front page...
2020-10-15 12:27:00,766 Politiken front page checked on 2020-10-15 12:27:00.766757. 0 new articles found.
2020-10-15 12:27:00,766 Checking DR front page...
2020-10-15 12:27:01,820 DR front page checked on 2020-10-15 12:27:01.820972. 0 new articles found.
2020-10-15 12:27:01,820 Checking TV2 front page...
2020-10-15 12:27:14,704 TV2 front page checked on 2020-10-15 12:27:14.704717. 2 new articles found.
2020-10-15 13:27:28,260 Checking Berlingske front page...
2020-10-15 13:27:36,959 Berlingske front page checked on 2020-10-15 13:27:36.959950. 1 new articles found.
2020-10-15 13:27:36,964 Checking Politiken front page...
2020-10-15 13:27:43,358 Politiken front page checked on 2020-10-15 13:27:43.358951. 1 new articles found.
2020-10-15 13:27:43,365 Checking DR front page...
2020-10-15 13:27:43,931 DR front page checked on 2020-10-15 13:27:43.931672. 0 new articles found.
2020-10-15 13:27:43,932 Checking TV2 front page...
2020-10-15 13:28:13,304 TV2 front page checked on 2020-10-15 13:28:13.304664. 5 new articles found.
2020-10-15 14:17:17,869 Checking Berlingske front page...
2020-10-15 14:17:22,911 Berlingske front page checked on 2020-10-15 14:17:22.911766. 0 new articles found.
2020-10-15 14:17:22,911 Checking Politiken front page...
2020-10-15 14:17:37,988 Politiken front page checked on 2020-10-15 14:17:37.987529. 2 new articles found.
2020-10-15 14:17:37,996 Checking DR front page...
2020-10-15 14:17:45,095 DR front page checked on 2020-10-15 14:17:45.095396. 1 new articles found.
2020-10-15 14:17:45,096 Checking TV2 front page...
2020-10-15 14:18:02,232 TV2 front page checked on 2020-10-15 14:18:02.232690. 3 new articles found.
2020-10-15 15:06:52,808 Checking Berlingske front page...
2020-10-15 15:06:54,885 Berlingske front page checked on 2020-10-15 15:06:54.885114. 0 new articles found.
2020-10-15 15:06:54,885 Checking Politiken front page...
2020-10-15 15:06:57,933 Politiken front page checked on 2020-10-15 15:06:57.933967. 0 new articles found.
2020-10-15 15:06:57,934 Checking DR front page...
2020-10-15 15:07:02,754 DR front page checked on 2020-10-15 15:07:02.754989. 1 new articles found.
2020-10-15 15:07:02,755 Checking TV2 front page...
2020-10-15 15:07:22,014 TV2 front page checked on 2020-10-15 15:07:22.014328. 3 new articles found.
2020-10-15 16:08:27,649 Checking Berlingske front page...
2020-10-15 16:08:40,468 Berlingske front page checked on 2020-10-15 16:08:40.468204. 2 new articles found.
2020-10-15 16:08:40,473 Checking Politiken front page...
2020-10-15 16:08:41,513 Politiken front page checked on 2020-10-15 16:08:41.513311. 0 new articles found.
2020-10-15 16:08:41,513 Checking DR front page...
2020-10-15 16:08:42,690 DR front page checked on 2020-10-15 16:08:42.690478. 0 new articles found.
2020-10-15 16:08:42,691 Checking TV2 front page...
2020-10-15 16:09:09,551 TV2 front page checked on 2020-10-15 16:09:09.551757. 5 new articles found.
2020-10-15 16:54:11,103 Checking Berlingske front page...
2020-10-15 16:54:27,139 Berlingske front page checked on 2020-10-15 16:54:27.139875. 2 new articles found.
2020-10-15 16:54:27,144 Checking Politiken front page...
2020-10-15 16:54:28,170 Politiken front page checked on 2020-10-15 16:54:28.170629. 0 new articles found.
2020-10-15 16:54:28,171 Checking DR front page...
2020-10-15 16:54:28,589 DR front page checked on 2020-10-15 16:54:28.589200. 0 new articles found.
2020-10-15 16:54:28,590 Checking TV2 front page...
2020-10-15 16:54:50,844 TV2 front page checked on 2020-10-15 16:54:50.844555. 3 new articles found.
2020-10-15 17:37:45,396 Checking Berlingske front page...
2020-10-15 17:37:55,800 Berlingske front page checked on 2020-10-15 17:37:55.800553. 1 new articles found.
2020-10-15 17:37:55,806 Checking Politiken front page...
2020-10-15 17:37:56,778 Politiken front page checked on 2020-10-15 17:37:56.778250. 0 new articles found.
2020-10-15 17:37:56,779 Checking DR front page...
2020-10-15 17:37:57,366 DR front page checked on 2020-10-15 17:37:57.366649. 0 new articles found.
2020-10-15 17:37:57,366 Checking TV2 front page...
2020-10-15 17:38:17,590 TV2 front page checked on 2020-10-15 17:38:17.590093. 3 new articles found.
